{"/home/travis/build/npmtest/node-npmtest-sax/test.js":{"path":"/home/travis/build/npmtest/node-npmtest-sax/test.js","s":{"1":2,"2":2,"3":2,"4":2,"5":2,"6":2,"7":2,"8":1,"9":2,"10":2,"11":1,"12":1,"13":1,"14":1,"15":2,"16":2,"17":2,"18":2,"19":1,"20":1,"21":2,"22":2,"23":2,"24":1,"25":1,"26":1,"27":1,"28":1,"29":1,"30":1,"31":1,"32":1,"33":1,"34":1,"35":1,"36":1,"37":2,"38":2,"39":1,"40":2,"41":2,"42":1,"43":2,"44":2,"45":1,"46":2,"47":2,"48":1,"49":1,"50":1,"51":1,"52":1},"b":{"1":[2,1,1,1],"2":[1,1,1,1],"3":[1,1],"4":[1,1],"5":[1,1],"6":[1,1],"7":[1,1],"8":[1,1],"9":[1,1,1],"10":[1,1],"11":[1,1],"12":[1,1],"13":[1,1],"14":[1,1],"15":[1,1],"16":[1,1]},"f":{"1":2,"2":2,"3":2,"4":2,"5":2,"6":1,"7":1,"8":2,"9":2,"10":2,"11":2,"12":1},"fnMap":{"1":{"name":"(anonymous_1)","line":12,"loc":{"start":{"line":12,"column":1},"end":{"line":12,"column":13}}},"2":{"name":"(anonymous_2)","line":19,"loc":{"start":{"line":19,"column":5},"end":{"line":19,"column":17}}},"3":{"name":"(anonymous_3)","line":23,"loc":{"start":{"line":23,"column":24},"end":{"line":23,"column":36}}},"4":{"name":"(anonymous_4)","line":61,"loc":{"start":{"line":61,"column":5},"end":{"line":61,"column":17}}},"5":{"name":"(anonymous_5)","line":82,"loc":{"start":{"line":82,"column":5},"end":{"line":82,"column":17}}},"6":{"name":"(anonymous_6)","line":102,"loc":{"start":{"line":102,"column":83},"end":{"line":105,"column":10}},"skip":true},"7":{"name":"(anonymous_7)","line":113,"loc":{"start":{"line":113,"column":77},"end":{"line":116,"column":10}},"skip":true},"8":{"name":"(anonymous_8)","line":129,"loc":{"start":{"line":129,"column":12},"end":{"line":129,"column":40}},"skip":true},"9":{"name":"(anonymous_9)","line":137,"loc":{"start":{"line":137,"column":77},"end":{"line":140,"column":10}},"skip":true},"10":{"name":"(anonymous_10)","line":148,"loc":{"start":{"line":148,"column":83},"end":{"line":151,"column":10}},"skip":true},"11":{"name":"(anonymous_11)","line":159,"loc":{"start":{"line":159,"column":79},"end":{"line":162,"column":10}},"skip":true},"12":{"name":"(anonymous_12)","line":170,"loc":{"start":{"line":170,"column":75},"end":{"line":173,"column":10}},"skip":true}},"statementMap":{"1":{"start":{"line":12,"column":0},"end":{"line":185,"column":5}},"2":{"start":{"line":14,"column":4},"end":{"line":14,"column":14}},"3":{"start":{"line":19,"column":4},"end":{"line":56,"column":9}},"4":{"start":{"line":21,"column":8},"end":{"line":21,"column":19}},"5":{"start":{"line":23,"column":8},"end":{"line":35,"column":13}},"6":{"start":{"line":24,"column":12},"end":{"line":34,"column":13}},"7":{"start":{"line":25,"column":16},"end":{"line":28,"column":30}},"8":{"start":{"line":30,"column":16},"end":{"line":33,"column":27}},"9":{"start":{"line":37,"column":8},"end":{"line":39,"column":21}},"10":{"start":{"line":40,"column":8},"end":{"line":53,"column":9}},"11":{"start":{"line":43,"column":12},"end":{"line":46,"column":14}},"12":{"start":{"line":47,"column":12},"end":{"line":47,"column":18}},"13":{"start":{"line":50,"column":12},"end":{"line":51,"column":46}},"14":{"start":{"line":52,"column":12},"end":{"line":52,"column":18}},"15":{"start":{"line":55,"column":8},"end":{"line":55,"column":35}},"16":{"start":{"line":61,"column":4},"end":{"line":63,"column":9}},"17":{"start":{"line":62,"column":8},"end":{"line":62,"column":15}},"18":{"start":{"line":64,"column":4},"end":{"line":77,"column":5}},"19":{"start":{"line":70,"column":8},"end":{"line":70,"column":14}},"20":{"start":{"line":76,"column":8},"end":{"line":76,"column":14}},"21":{"start":{"line":82,"column":4},"end":{"line":84,"column":9}},"22":{"start":{"line":83,"column":8},"end":{"line":83,"column":15}},"23":{"start":{"line":85,"column":4},"end":{"line":184,"column":5}},"24":{"start":{"line":92,"column":8},"end":{"line":94,"column":63}},"25":{"start":{"line":95,"column":8},"end":{"line":95,"column":14}},"26":{"start":{"line":102,"column":8},"end":{"line":111,"column":10},"skip":true},"27":{"start":{"line":109,"column":12},"end":{"line":109,"column":55},"skip":true},"28":{"start":{"line":110,"column":12},"end":{"line":110,"column":48},"skip":true},"29":{"start":{"line":113,"column":8},"end":{"line":126,"column":10},"skip":true},"30":{"start":{"line":120,"column":12},"end":{"line":120,"column":76},"skip":true},"31":{"start":{"line":121,"column":12},"end":{"line":121,"column":73},"skip":true},"32":{"start":{"line":122,"column":12},"end":{"line":122,"column":74},"skip":true},"33":{"start":{"line":123,"column":12},"end":{"line":123,"column":79},"skip":true},"34":{"start":{"line":124,"column":12},"end":{"line":124,"column":25},"skip":true},"35":{"start":{"line":125,"column":12},"end":{"line":125,"column":45},"skip":true},"36":{"start":{"line":128,"column":8},"end":{"line":135,"column":14},"skip":true},"37":{"start":{"line":133,"column":16},"end":{"line":133,"column":29},"skip":true},"38":{"start":{"line":134,"column":16},"end":{"line":134,"column":55},"skip":true},"39":{"start":{"line":137,"column":8},"end":{"line":146,"column":10},"skip":true},"40":{"start":{"line":144,"column":12},"end":{"line":144,"column":25},"skip":true},"41":{"start":{"line":145,"column":12},"end":{"line":145,"column":45},"skip":true},"42":{"start":{"line":148,"column":8},"end":{"line":157,"column":10},"skip":true},"43":{"start":{"line":155,"column":12},"end":{"line":155,"column":25},"skip":true},"44":{"start":{"line":156,"column":12},"end":{"line":156,"column":48},"skip":true},"45":{"start":{"line":159,"column":8},"end":{"line":168,"column":10},"skip":true},"46":{"start":{"line":166,"column":12},"end":{"line":166,"column":25},"skip":true},"47":{"start":{"line":167,"column":12},"end":{"line":167,"column":46},"skip":true},"48":{"start":{"line":170,"column":8},"end":{"line":179,"column":10},"skip":true},"49":{"start":{"line":177,"column":12},"end":{"line":177,"column":94},"skip":true},"50":{"start":{"line":178,"column":12},"end":{"line":178,"column":48},"skip":true},"51":{"start":{"line":182,"column":8},"end":{"line":182,"column":35},"skip":true},"52":{"start":{"line":183,"column":8},"end":{"line":183,"column":14},"skip":true}},"branchMap":{"1":{"line":25,"type":"binary-expr","locations":[{"start":{"line":25,"column":23},"end":{"line":25,"column":62}},{"start":{"line":26,"column":20},"end":{"line":26,"column":70}},{"start":{"line":27,"column":20},"end":{"line":27,"column":71}},{"start":{"line":28,"column":20},"end":{"line":28,"column":29}}]},"2":{"line":30,"type":"binary-expr","locations":[{"start":{"line":30,"column":23},"end":{"line":30,"column":37}},{"start":{"line":31,"column":20},"end":{"line":31,"column":61}},{"start":{"line":32,"column":20},"end":{"line":32,"column":70}},{"start":{"line":33,"column":20},"end":{"line":33,"column":26}}]},"3":{"line":37,"type":"cond-expr","locations":[{"start":{"line":38,"column":14},"end":{"line":38,"column":20}},{"start":{"line":39,"column":14},"end":{"line":39,"column":20}}]},"4":{"line":40,"type":"switch","locations":[{"start":{"line":42,"column":8},"end":{"line":47,"column":18}},{"start":{"line":49,"column":8},"end":{"line":52,"column":18}}]},"5":{"line":44,"type":"binary-expr","locations":[{"start":{"line":44,"column":16},"end":{"line":44,"column":44}},{"start":{"line":44,"column":48},"end":{"line":44,"column":66}}]},"6":{"line":50,"type":"binary-expr","locations":[{"start":{"line":50,"column":21},"end":{"line":50,"column":49}},{"start":{"line":50,"column":53},"end":{"line":50,"column":72}}]},"7":{"line":64,"type":"switch","locations":[{"start":{"line":69,"column":4},"end":{"line":70,"column":14}},{"start":{"line":75,"column":4},"end":{"line":76,"column":14}}]},"8":{"line":85,"type":"switch","locations":[{"start":{"line":90,"column":4},"end":{"line":95,"column":14}},{"start":{"line":101,"column":4},"end":{"line":183,"column":14},"skip":true}]},"9":{"line":92,"type":"binary-expr","locations":[{"start":{"line":92,"column":18},"end":{"line":92,"column":32}},{"start":{"line":93,"column":12},"end":{"line":93,"column":53}},{"start":{"line":94,"column":12},"end":{"line":94,"column":61}}]},"10":{"line":102,"type":"binary-expr","locations":[{"start":{"line":102,"column":45},"end":{"line":102,"column":79},"skip":true},{"start":{"line":102,"column":83},"end":{"line":111,"column":9},"skip":true}]},"11":{"line":113,"type":"binary-expr","locations":[{"start":{"line":113,"column":42},"end":{"line":113,"column":73},"skip":true},{"start":{"line":113,"column":77},"end":{"line":126,"column":9},"skip":true}]},"12":{"line":128,"type":"binary-expr","locations":[{"start":{"line":128,"column":48},"end":{"line":128,"column":85},"skip":true},{"start":{"line":129,"column":12},"end":{"line":135,"column":13},"skip":true}]},"13":{"line":137,"type":"binary-expr","locations":[{"start":{"line":137,"column":42},"end":{"line":137,"column":73},"skip":true},{"start":{"line":137,"column":77},"end":{"line":146,"column":9},"skip":true}]},"14":{"line":148,"type":"binary-expr","locations":[{"start":{"line":148,"column":45},"end":{"line":148,"column":79},"skip":true},{"start":{"line":148,"column":83},"end":{"line":157,"column":9},"skip":true}]},"15":{"line":159,"type":"binary-expr","locations":[{"start":{"line":159,"column":43},"end":{"line":159,"column":75},"skip":true},{"start":{"line":159,"column":79},"end":{"line":168,"column":9},"skip":true}]},"16":{"line":170,"type":"binary-expr","locations":[{"start":{"line":170,"column":41},"end":{"line":170,"column":71},"skip":true},{"start":{"line":170,"column":75},"end":{"line":179,"column":9},"skip":true}]}},"code":["/* istanbul instrument in package npmtest_sax */","/*jslint","    bitwise: true,","    browser: true,","    maxerr: 8,","    maxlen: 96,","    node: true,","    nomen: true,","    regexp: true,","    stupid: true","*/","(function () {","    'use strict';","    var local;","","","","    // run shared js-env code - pre-init","    (function () {","        // init local","        local = {};","        // init modeJs","        local.modeJs = (function () {","            try {","                return typeof navigator.userAgent === 'string' &&","                    typeof document.querySelector('body') === 'object' &&","                    typeof XMLHttpRequest.prototype.open === 'function' &&","                    'browser';","            } catch (errorCaughtBrowser) {","                return module.exports &&","                    typeof process.versions.node === 'string' &&","                    typeof require('http').createServer === 'function' &&","                    'node';","            }","        }());","        // init global","        local.global = local.modeJs === 'browser'","            ? window","            : global;","        switch (local.modeJs) {","        // re-init local from window.local","        case 'browser':","            local = local.global.utility2.objectSetDefault(","                local.global.utility2_rollup || local.global.local,","                local.global.utility2","            );","            break;","        // re-init local from example.js","        case 'node':","            local = (local.global.utility2_rollup || require('utility2'))","                .requireExampleJsFromReadme();","            break;","        }","        // export local","        local.global.local = local;","    }());","","","","    // run shared js-env code - function","    (function () {","        return;","    }());","    switch (local.modeJs) {","","","","    // run browser js-env code - function","    case 'browser':","        break;","","","","    // run node js-env code - function","    case 'node':","        break;","    }","","","","    // run shared js-env code - post-init","    (function () {","        return;","    }());","    switch (local.modeJs) {","","","","    // run browser js-env code - post-init","    case 'browser':","        // run tests","        local.nop(local.modeTest &&","            document.querySelector('#testRunButton1') &&","            document.querySelector('#testRunButton1').click());","        break;","","","","    // run node js-env code - post-init","    /* istanbul ignore next */","    case 'node':","        local.testCase_buildApidoc_default = local.testCase_buildApidoc_default || function (","            options,","            onError","        ) {","        /*","         * this function will test buildApidoc's default handling-behavior-behavior","         */","            options = { modulePathList: module.paths };","            local.buildApidoc(options, onError);","        };","","        local.testCase_buildApp_default = local.testCase_buildApp_default || function (","            options,","            onError","        ) {","        /*","         * this function will test buildApp's default handling-behavior-behavior","         */","            local.testCase_buildReadme_default(options, local.onErrorThrow);","            local.testCase_buildLib_default(options, local.onErrorThrow);","            local.testCase_buildTest_default(options, local.onErrorThrow);","            local.testCase_buildCustomOrg_default(options, local.onErrorThrow);","            options = [];","            local.buildApp(options, onError);","        };","","        local.testCase_buildCustomOrg_default = local.testCase_buildCustomOrg_default ||","            function (options, onError) {","            /*","             * this function will test buildCustomOrg's default handling-behavior","             */","                options = {};","                local.buildCustomOrg(options, onError);","            };","","        local.testCase_buildLib_default = local.testCase_buildLib_default || function (","            options,","            onError","        ) {","        /*","         * this function will test buildLib's default handling-behavior","         */","            options = {};","            local.buildLib(options, onError);","        };","","        local.testCase_buildReadme_default = local.testCase_buildReadme_default || function (","            options,","            onError","        ) {","        /*","         * this function will test buildReadme's default handling-behavior-behavior","         */","            options = {};","            local.buildReadme(options, onError);","        };","","        local.testCase_buildTest_default = local.testCase_buildTest_default || function (","            options,","            onError","        ) {","        /*","         * this function will test buildTest's default handling-behavior","         */","            options = {};","            local.buildTest(options, onError);","        };","","        local.testCase_webpage_default = local.testCase_webpage_default || function (","            options,","            onError","        ) {","        /*","         * this function will test webpage's default handling-behavior","         */","            options = { modeCoverageMerge: true, url: local.serverLocalHost + '?modeTest=1' };","            local.browserTest(options, onError);","        };","","        // run test-server","        local.testRunServer(local);","        break;","    }","}());",""],"l":{"12":2,"14":2,"19":2,"21":2,"23":2,"24":2,"25":2,"30":1,"37":2,"40":2,"43":1,"47":1,"50":1,"52":1,"55":2,"61":2,"62":2,"64":2,"70":1,"76":1,"82":2,"83":2,"85":2,"92":1,"95":1,"102":1,"109":1,"110":1,"113":1,"120":1,"121":1,"122":1,"123":1,"124":1,"125":1,"128":1,"133":2,"134":2,"137":1,"144":2,"145":2,"148":1,"155":2,"156":2,"159":1,"166":2,"167":2,"170":1,"177":1,"178":1,"182":1,"183":1}},"/home/travis/build/npmtest/node-npmtest-sax/lib.npmtest_sax.js":{"path":"/home/travis/build/npmtest/node-npmtest-sax/lib.npmtest_sax.js","s":{"1":2,"2":2,"3":2,"4":2,"5":2,"6":2,"7":2,"8":1,"9":2,"10":2,"11":2,"12":2,"13":1,"14":1,"15":1,"16":1},"b":{"1":[2,1,1,1],"2":[1,1,1,1],"3":[1,1],"4":[2,2],"5":[1,1]},"f":{"1":2,"2":2,"3":2},"fnMap":{"1":{"name":"(anonymous_1)","line":12,"loc":{"start":{"line":12,"column":1},"end":{"line":12,"column":13}}},"2":{"name":"(anonymous_2)","line":19,"loc":{"start":{"line":19,"column":5},"end":{"line":19,"column":17}}},"3":{"name":"(anonymous_3)","line":23,"loc":{"start":{"line":23,"column":24},"end":{"line":23,"column":36}}}},"statementMap":{"1":{"start":{"line":12,"column":0},"end":{"line":53,"column":5}},"2":{"start":{"line":14,"column":4},"end":{"line":14,"column":14}},"3":{"start":{"line":19,"column":4},"end":{"line":52,"column":9}},"4":{"start":{"line":21,"column":8},"end":{"line":21,"column":19}},"5":{"start":{"line":23,"column":8},"end":{"line":35,"column":13}},"6":{"start":{"line":24,"column":12},"end":{"line":34,"column":13}},"7":{"start":{"line":25,"column":16},"end":{"line":28,"column":30}},"8":{"start":{"line":30,"column":16},"end":{"line":33,"column":27}},"9":{"start":{"line":37,"column":8},"end":{"line":39,"column":21}},"10":{"start":{"line":41,"column":8},"end":{"line":41,"column":54}},"11":{"start":{"line":43,"column":8},"end":{"line":43,"column":48}},"12":{"start":{"line":45,"column":8},"end":{"line":51,"column":9}},"13":{"start":{"line":46,"column":12},"end":{"line":46,"column":54}},"14":{"start":{"line":48,"column":12},"end":{"line":48,"column":35}},"15":{"start":{"line":49,"column":12},"end":{"line":49,"column":49}},"16":{"start":{"line":50,"column":12},"end":{"line":50,"column":43}}},"branchMap":{"1":{"line":25,"type":"binary-expr","locations":[{"start":{"line":25,"column":23},"end":{"line":25,"column":62}},{"start":{"line":26,"column":20},"end":{"line":26,"column":70}},{"start":{"line":27,"column":20},"end":{"line":27,"column":71}},{"start":{"line":28,"column":20},"end":{"line":28,"column":29}}]},"2":{"line":30,"type":"binary-expr","locations":[{"start":{"line":30,"column":23},"end":{"line":30,"column":37}},{"start":{"line":31,"column":20},"end":{"line":31,"column":61}},{"start":{"line":32,"column":20},"end":{"line":32,"column":70}},{"start":{"line":33,"column":20},"end":{"line":33,"column":26}}]},"3":{"line":37,"type":"cond-expr","locations":[{"start":{"line":38,"column":14},"end":{"line":38,"column":20}},{"start":{"line":39,"column":14},"end":{"line":39,"column":20}}]},"4":{"line":41,"type":"binary-expr","locations":[{"start":{"line":41,"column":16},"end":{"line":41,"column":44}},{"start":{"line":41,"column":48},"end":{"line":41,"column":53}}]},"5":{"line":45,"type":"if","locations":[{"start":{"line":45,"column":8},"end":{"line":45,"column":8}},{"start":{"line":45,"column":8},"end":{"line":45,"column":8}}]}},"code":["/* istanbul instrument in package npmtest_sax */","/*jslint","    bitwise: true,","    browser: true,","    maxerr: 8,","    maxlen: 96,","    node: true,","    nomen: true,","    regexp: true,","    stupid: true","*/","(function () {","    'use strict';","    var local;","","","","    // run shared js-env code - pre-init","    (function () {","        // init local","        local = {};","        // init modeJs","        local.modeJs = (function () {","            try {","                return typeof navigator.userAgent === 'string' &&","                    typeof document.querySelector('body') === 'object' &&","                    typeof XMLHttpRequest.prototype.open === 'function' &&","                    'browser';","            } catch (errorCaughtBrowser) {","                return module.exports &&","                    typeof process.versions.node === 'string' &&","                    typeof require('http').createServer === 'function' &&","                    'node';","            }","        }());","        // init global","        local.global = local.modeJs === 'browser'","            ? window","            : global;","        // init utility2_rollup","        local = local.global.utility2_rollup || local;","        // init lib","        local.local = local.npmtest_sax = local;","        // init exports","        if (local.modeJs === 'browser') {","            local.global.utility2_npmtest_sax = local;","        } else {","            module.exports = local;","            module.exports.__dirname = __dirname;","            module.exports.module = module;","        }","    }());","}());",""],"l":{"12":2,"14":2,"19":2,"21":2,"23":2,"24":2,"25":2,"30":1,"37":2,"41":2,"43":2,"45":2,"46":1,"48":1,"49":1,"50":1}},"/home/travis/build/npmtest/node-npmtest-sax/example.js":{"path":"/home/travis/build/npmtest/node-npmtest-sax/example.js","s":{"1":2,"2":2,"3":2,"4":2,"5":2,"6":2,"7":2,"8":1,"9":2,"10":2,"11":2,"12":2,"13":1,"14":2,"15":2,"16":2,"17":2,"18":2,"19":0,"20":2,"21":1,"22":1,"23":1,"24":1,"25":1,"26":0,"27":0,"28":1,"29":1,"30":2,"31":0,"32":0,"33":0,"34":1,"35":2,"36":2,"37":2,"38":2,"39":2,"40":2,"41":0,"42":2,"43":2,"44":2,"45":1,"46":3,"47":1,"48":1,"49":1,"50":1,"51":1,"52":1,"53":1,"54":1,"55":1,"56":1,"57":0,"58":1,"59":6,"60":6,"61":1,"62":2,"63":0,"64":2,"65":1,"66":1,"67":0,"68":0,"69":0,"70":0,"71":0,"72":0,"73":0,"74":0,"75":0,"76":0,"77":0,"78":0,"79":0,"80":0,"81":0,"82":0,"83":0},"b":{"1":[2,1,1,1],"2":[1,1,1,1],"3":[1,1],"4":[2,2],"5":[1,1],"6":[1,1],"7":[2,0],"8":[2,1,1,1,1,1],"9":[0,2,0],"10":[1,1],"11":[2,1,1],"12":[1,0],"13":[0,2],"14":[2,0,0,0,0,0,0],"15":[0,2],"16":[2,0],"17":[1,1],"18":[0,1],"19":[1,2,0,2],"20":[1,0],"21":[1,1],"22":[0,0],"23":[0,0],"24":[0,0],"25":[0,0],"26":[0,0],"27":[0,0],"28":[0,0]},"f":{"1":2,"2":2,"3":2,"4":2,"5":2,"6":2,"7":2,"8":2,"9":3,"10":1,"11":6,"12":0},"fnMap":{"1":{"name":"(anonymous_1)","line":26,"loc":{"start":{"line":26,"column":1},"end":{"line":26,"column":13}}},"2":{"name":"(anonymous_2)","line":33,"loc":{"start":{"line":33,"column":5},"end":{"line":33,"column":17}}},"3":{"name":"(anonymous_3)","line":37,"loc":{"start":{"line":37,"column":24},"end":{"line":37,"column":36}}},"4":{"name":"(anonymous_4)","line":69,"loc":{"start":{"line":69,"column":31},"end":{"line":69,"column":48}},"skip":true},"5":{"name":"(anonymous_5)","line":78,"loc":{"start":{"line":78,"column":26},"end":{"line":78,"column":45}},"skip":true},"6":{"name":"(anonymous_6)","line":123,"loc":{"start":{"line":123,"column":33},"end":{"line":123,"column":48}},"skip":true},"7":{"name":"(anonymous_7)","line":125,"loc":{"start":{"line":125,"column":27},"end":{"line":125,"column":39}},"skip":true},"8":{"name":"(anonymous_8)","line":133,"loc":{"start":{"line":133,"column":59},"end":{"line":133,"column":74}},"skip":true},"9":{"name":"(anonymous_9)","line":143,"loc":{"start":{"line":143,"column":45},"end":{"line":143,"column":62}},"skip":true},"10":{"name":"(anonymous_10)","line":144,"loc":{"start":{"line":144,"column":73},"end":{"line":144,"column":92}},"skip":true},"11":{"name":"(anonymous_11)","line":272,"loc":{"start":{"line":272,"column":51},"end":{"line":272,"column":77}},"skip":true},"12":{"name":"(anonymous_12)","line":314,"loc":{"start":{"line":314,"column":32},"end":{"line":314,"column":61}},"skip":true}},"statementMap":{"1":{"start":{"line":26,"column":0},"end":{"line":325,"column":5}},"2":{"start":{"line":28,"column":4},"end":{"line":28,"column":14}},"3":{"start":{"line":33,"column":4},"end":{"line":60,"column":9}},"4":{"start":{"line":35,"column":8},"end":{"line":35,"column":19}},"5":{"start":{"line":37,"column":8},"end":{"line":49,"column":13}},"6":{"start":{"line":38,"column":12},"end":{"line":48,"column":13}},"7":{"start":{"line":39,"column":16},"end":{"line":42,"column":30}},"8":{"start":{"line":44,"column":16},"end":{"line":47,"column":27}},"9":{"start":{"line":51,"column":8},"end":{"line":53,"column":21}},"10":{"start":{"line":55,"column":8},"end":{"line":57,"column":45}},"11":{"start":{"line":59,"column":8},"end":{"line":59,"column":35}},"12":{"start":{"line":61,"column":4},"end":{"line":324,"column":5}},"13":{"start":{"line":69,"column":8},"end":{"line":121,"column":10},"skip":true},"14":{"start":{"line":70,"column":12},"end":{"line":88,"column":13},"skip":true},"15":{"start":{"line":76,"column":16},"end":{"line":87,"column":19},"skip":true},"16":{"start":{"line":79,"column":20},"end":{"line":86,"column":21},"skip":true},"17":{"start":{"line":82,"column":24},"end":{"line":82,"column":43},"skip":true},"18":{"start":{"line":83,"column":24},"end":{"line":83,"column":30},"skip":true},"19":{"start":{"line":85,"column":24},"end":{"line":85,"column":49},"skip":true},"20":{"start":{"line":89,"column":12},"end":{"line":107,"column":13},"skip":true},"21":{"start":{"line":92,"column":16},"end":{"line":102,"column":17},"skip":true},"22":{"start":{"line":93,"column":20},"end":{"line":93,"column":86},"skip":true},"23":{"start":{"line":94,"column":20},"end":{"line":95,"column":45},"skip":true},"24":{"start":{"line":96,"column":20},"end":{"line":96,"column":42},"skip":true},"25":{"start":{"line":97,"column":20},"end":{"line":97,"column":48},"skip":true},"26":{"start":{"line":100,"column":20},"end":{"line":100,"column":85},"skip":true},"27":{"start":{"line":101,"column":20},"end":{"line":101,"column":96},"skip":true},"28":{"start":{"line":103,"column":16},"end":{"line":103,"column":22},"skip":true},"29":{"start":{"line":106,"column":16},"end":{"line":106,"column":22},"skip":true},"30":{"start":{"line":108,"column":12},"end":{"line":120,"column":13},"skip":true},"31":{"start":{"line":114,"column":16},"end":{"line":119,"column":17},"skip":true},"32":{"start":{"line":116,"column":20},"end":{"line":116,"column":78},"skip":true},"33":{"start":{"line":118,"column":20},"end":{"line":118,"column":53},"skip":true},"34":{"start":{"line":123,"column":8},"end":{"line":141,"column":11},"skip":true},"35":{"start":{"line":124,"column":12},"end":{"line":124,"column":54},"skip":true},"36":{"start":{"line":125,"column":12},"end":{"line":140,"column":14},"skip":true},"37":{"start":{"line":126,"column":16},"end":{"line":126,"column":28},"skip":true},"38":{"start":{"line":127,"column":16},"end":{"line":127,"column":69},"skip":true},"39":{"start":{"line":128,"column":16},"end":{"line":128,"column":75},"skip":true},"40":{"start":{"line":129,"column":16},"end":{"line":131,"column":17},"skip":true},"41":{"start":{"line":130,"column":20},"end":{"line":130,"column":27},"skip":true},"42":{"start":{"line":133,"column":16},"end":{"line":137,"column":36},"skip":true},"43":{"start":{"line":134,"column":20},"end":{"line":136,"column":55},"skip":true},"44":{"start":{"line":139,"column":16},"end":{"line":139,"column":57},"skip":true},"45":{"start":{"line":143,"column":8},"end":{"line":147,"column":11},"skip":true},"46":{"start":{"line":144,"column":12},"end":{"line":146,"column":15},"skip":true},"47":{"start":{"line":145,"column":16},"end":{"line":145,"column":70},"skip":true},"48":{"start":{"line":149,"column":8},"end":{"line":149,"column":31},"skip":true},"49":{"start":{"line":150,"column":8},"end":{"line":150,"column":14},"skip":true},"50":{"start":{"line":158,"column":8},"end":{"line":158,"column":31},"skip":true},"51":{"start":{"line":160,"column":8},"end":{"line":160,"column":33},"skip":true},"52":{"start":{"line":161,"column":8},"end":{"line":161,"column":37},"skip":true},"53":{"start":{"line":162,"column":8},"end":{"line":162,"column":35},"skip":true},"54":{"start":{"line":164,"column":8},"end":{"line":164,"column":50},"skip":true},"55":{"start":{"line":166,"column":8},"end":{"line":256,"column":2},"skip":true},"56":{"start":{"line":258,"column":8},"end":{"line":286,"column":9},"skip":true},"57":{"start":{"line":259,"column":12},"end":{"line":269,"column":14},"skip":true},"58":{"start":{"line":271,"column":12},"end":{"line":285,"column":19},"skip":true},"59":{"start":{"line":274,"column":20},"end":{"line":274,"column":35},"skip":true},"60":{"start":{"line":275,"column":20},"end":{"line":284,"column":21},"skip":true},"61":{"start":{"line":277,"column":24},"end":{"line":277,"column":64},"skip":true},"62":{"start":{"line":279,"column":24},"end":{"line":279,"column":40},"skip":true},"63":{"start":{"line":281,"column":24},"end":{"line":281,"column":40},"skip":true},"64":{"start":{"line":283,"column":24},"end":{"line":283,"column":39},"skip":true},"65":{"start":{"line":288,"column":8},"end":{"line":290,"column":9},"skip":true},"66":{"start":{"line":289,"column":12},"end":{"line":289,"column":18},"skip":true},"67":{"start":{"line":291,"column":8},"end":{"line":293,"column":54},"skip":true},"68":{"start":{"line":294,"column":8},"end":{"line":301,"column":37},"skip":true},"69":{"start":{"line":302,"column":8},"end":{"line":302,"column":82},"skip":true},"70":{"start":{"line":305,"column":8},"end":{"line":307,"column":9},"skip":true},"71":{"start":{"line":306,"column":12},"end":{"line":306,"column":82},"skip":true},"72":{"start":{"line":309,"column":8},"end":{"line":311,"column":9},"skip":true},"73":{"start":{"line":310,"column":12},"end":{"line":310,"column":18},"skip":true},"74":{"start":{"line":312,"column":8},"end":{"line":312,"column":54},"skip":true},"75":{"start":{"line":313,"column":8},"end":{"line":313,"column":69},"skip":true},"76":{"start":{"line":314,"column":8},"end":{"line":322,"column":36},"skip":true},"77":{"start":{"line":315,"column":12},"end":{"line":315,"column":61},"skip":true},"78":{"start":{"line":316,"column":12},"end":{"line":319,"column":13},"skip":true},"79":{"start":{"line":317,"column":16},"end":{"line":317,"column":75},"skip":true},"80":{"start":{"line":318,"column":16},"end":{"line":318,"column":23},"skip":true},"81":{"start":{"line":320,"column":12},"end":{"line":320,"column":38},"skip":true},"82":{"start":{"line":321,"column":12},"end":{"line":321,"column":27},"skip":true},"83":{"start":{"line":323,"column":8},"end":{"line":323,"column":14},"skip":true}},"branchMap":{"1":{"line":39,"type":"binary-expr","locations":[{"start":{"line":39,"column":23},"end":{"line":39,"column":62}},{"start":{"line":40,"column":20},"end":{"line":40,"column":70}},{"start":{"line":41,"column":20},"end":{"line":41,"column":71}},{"start":{"line":42,"column":20},"end":{"line":42,"column":29}}]},"2":{"line":44,"type":"binary-expr","locations":[{"start":{"line":44,"column":23},"end":{"line":44,"column":37}},{"start":{"line":45,"column":20},"end":{"line":45,"column":61}},{"start":{"line":46,"column":20},"end":{"line":46,"column":70}},{"start":{"line":47,"column":20},"end":{"line":47,"column":26}}]},"3":{"line":51,"type":"cond-expr","locations":[{"start":{"line":52,"column":14},"end":{"line":52,"column":20}},{"start":{"line":53,"column":14},"end":{"line":53,"column":20}}]},"4":{"line":55,"type":"binary-expr","locations":[{"start":{"line":55,"column":16},"end":{"line":55,"column":44}},{"start":{"line":55,"column":49},"end":{"line":57,"column":43}}]},"5":{"line":55,"type":"cond-expr","locations":[{"start":{"line":56,"column":14},"end":{"line":56,"column":47}},{"start":{"line":57,"column":14},"end":{"line":57,"column":43}}]},"6":{"line":61,"type":"switch","locations":[{"start":{"line":68,"column":4},"end":{"line":150,"column":14},"skip":true},{"start":{"line":156,"column":4},"end":{"line":323,"column":14},"skip":true}]},"7":{"line":70,"type":"if","locations":[{"start":{"line":70,"column":12},"end":{"line":70,"column":12},"skip":true},{"start":{"line":70,"column":12},"end":{"line":70,"column":12},"skip":true}]},"8":{"line":70,"type":"binary-expr","locations":[{"start":{"line":70,"column":16},"end":{"line":70,"column":22},"skip":true},{"start":{"line":70,"column":27},"end":{"line":70,"column":32},"skip":true},{"start":{"line":71,"column":20},"end":{"line":71,"column":39},"skip":true},{"start":{"line":72,"column":20},"end":{"line":72,"column":49},"skip":true},{"start":{"line":73,"column":20},"end":{"line":73,"column":58},"skip":true},{"start":{"line":74,"column":20},"end":{"line":74,"column":69},"skip":true}]},"9":{"line":79,"type":"switch","locations":[{"start":{"line":80,"column":20},"end":{"line":80,"column":33},"skip":true},{"start":{"line":81,"column":20},"end":{"line":83,"column":30},"skip":true},{"start":{"line":84,"column":20},"end":{"line":85,"column":49},"skip":true}]},"10":{"line":89,"type":"switch","locations":[{"start":{"line":90,"column":12},"end":{"line":103,"column":22},"skip":true},{"start":{"line":105,"column":12},"end":{"line":106,"column":22},"skip":true}]},"11":{"line":89,"type":"binary-expr","locations":[{"start":{"line":89,"column":20},"end":{"line":89,"column":25},"skip":true},{"start":{"line":89,"column":29},"end":{"line":89,"column":48},"skip":true},{"start":{"line":89,"column":52},"end":{"line":89,"column":74},"skip":true}]},"12":{"line":92,"type":"if","locations":[{"start":{"line":92,"column":16},"end":{"line":92,"column":16},"skip":true},{"start":{"line":92,"column":16},"end":{"line":92,"column":16},"skip":true}]},"13":{"line":108,"type":"if","locations":[{"start":{"line":108,"column":12},"end":{"line":108,"column":12},"skip":true},{"start":{"line":108,"column":12},"end":{"line":108,"column":12},"skip":true}]},"14":{"line":108,"type":"binary-expr","locations":[{"start":{"line":108,"column":16},"end":{"line":108,"column":61},"skip":true},{"start":{"line":108,"column":66},"end":{"line":108,"column":72},"skip":true},{"start":{"line":108,"column":77},"end":{"line":108,"column":82},"skip":true},{"start":{"line":109,"column":20},"end":{"line":109,"column":39},"skip":true},{"start":{"line":110,"column":20},"end":{"line":110,"column":49},"skip":true},{"start":{"line":111,"column":20},"end":{"line":111,"column":58},"skip":true},{"start":{"line":112,"column":20},"end":{"line":112,"column":68},"skip":true}]},"15":{"line":129,"type":"if","locations":[{"start":{"line":129,"column":16},"end":{"line":129,"column":16},"skip":true},{"start":{"line":129,"column":16},"end":{"line":129,"column":16},"skip":true}]},"16":{"line":134,"type":"cond-expr","locations":[{"start":{"line":135,"column":26},"end":{"line":135,"column":29},"skip":true},{"start":{"line":136,"column":26},"end":{"line":136,"column":54},"skip":true}]},"17":{"line":164,"type":"binary-expr","locations":[{"start":{"line":164,"column":27},"end":{"line":164,"column":43},"skip":true},{"start":{"line":164,"column":47},"end":{"line":164,"column":49},"skip":true}]},"18":{"line":258,"type":"if","locations":[{"start":{"line":258,"column":8},"end":{"line":258,"column":8},"skip":true},{"start":{"line":258,"column":8},"end":{"line":258,"column":8},"skip":true}]},"19":{"line":275,"type":"switch","locations":[{"start":{"line":276,"column":20},"end":{"line":277,"column":64},"skip":true},{"start":{"line":278,"column":20},"end":{"line":279,"column":40},"skip":true},{"start":{"line":280,"column":20},"end":{"line":281,"column":40},"skip":true},{"start":{"line":282,"column":20},"end":{"line":283,"column":39},"skip":true}]},"20":{"line":288,"type":"if","locations":[{"start":{"line":288,"column":8},"end":{"line":288,"column":8},"skip":true},{"start":{"line":288,"column":8},"end":{"line":288,"column":8},"skip":true}]},"21":{"line":288,"type":"binary-expr","locations":[{"start":{"line":288,"column":12},"end":{"line":288,"column":40},"skip":true},{"start":{"line":288,"column":44},"end":{"line":288,"column":67},"skip":true}]},"22":{"line":292,"type":"binary-expr","locations":[{"start":{"line":292,"column":12},"end":{"line":292,"column":50},"skip":true},{"start":{"line":293,"column":12},"end":{"line":293,"column":53},"skip":true}]},"23":{"line":295,"type":"binary-expr","locations":[{"start":{"line":295,"column":12},"end":{"line":295,"column":61},"skip":true},{"start":{"line":296,"column":12},"end":{"line":301,"column":36},"skip":true}]},"24":{"line":302,"type":"binary-expr","locations":[{"start":{"line":302,"column":43},"end":{"line":302,"column":75},"skip":true},{"start":{"line":302,"column":79},"end":{"line":302,"column":81},"skip":true}]},"25":{"line":305,"type":"if","locations":[{"start":{"line":305,"column":8},"end":{"line":305,"column":8},"skip":true},{"start":{"line":305,"column":8},"end":{"line":305,"column":8},"skip":true}]},"26":{"line":309,"type":"if","locations":[{"start":{"line":309,"column":8},"end":{"line":309,"column":8},"skip":true},{"start":{"line":309,"column":8},"end":{"line":309,"column":8},"skip":true}]},"27":{"line":312,"type":"binary-expr","locations":[{"start":{"line":312,"column":27},"end":{"line":312,"column":43},"skip":true},{"start":{"line":312,"column":47},"end":{"line":312,"column":53},"skip":true}]},"28":{"line":316,"type":"if","locations":[{"start":{"line":316,"column":12},"end":{"line":316,"column":12},"skip":true},{"start":{"line":316,"column":12},"end":{"line":316,"column":12},"skip":true}]}},"code":["/*","example.js","","quickstart example","","instruction","    1. save this script as example.js","    2. run the shell command:","        $ npm install npmtest-sax && PORT=8081 node example.js","    3. play with the browser-demo on http://127.0.0.1:8081","*/","","","","/* istanbul instrument in package npmtest_sax */","/*jslint","    bitwise: true,","    browser: true,","    maxerr: 8,","    maxlen: 96,","    node: true,","    nomen: true,","    regexp: true,","    stupid: true","*/","(function () {","    'use strict';","    var local;","","","","    // run shared js-env code - pre-init","    (function () {","        // init local","        local = {};","        // init modeJs","        local.modeJs = (function () {","            try {","                return typeof navigator.userAgent === 'string' &&","                    typeof document.querySelector('body') === 'object' &&","                    typeof XMLHttpRequest.prototype.open === 'function' &&","                    'browser';","            } catch (errorCaughtBrowser) {","                return module.exports &&","                    typeof process.versions.node === 'string' &&","                    typeof require('http').createServer === 'function' &&","                    'node';","            }","        }());","        // init global","        local.global = local.modeJs === 'browser'","            ? window","            : global;","        // init utility2_rollup","        local = local.global.utility2_rollup || (local.modeJs === 'browser'","            ? local.global.utility2_npmtest_sax","            : global.utility2_moduleExports);","        // export local","        local.global.local = local;","    }());","    switch (local.modeJs) {","","","","    // post-init","    // run browser js-env code - post-init","    /* istanbul ignore next */","    case 'browser':","        local.testRunBrowser = function (event) {","            if (!event || (event &&","                    event.currentTarget &&","                    event.currentTarget.className &&","                    event.currentTarget.className.includes &&","                    event.currentTarget.className.includes('onreset'))) {","                // reset output","                Array.from(","                    document.querySelectorAll('body > .resettable')","                ).forEach(function (element) {","                    switch (element.tagName) {","                    case 'INPUT':","                    case 'TEXTAREA':","                        element.value = '';","                        break;","                    default:","                        element.textContent = '';","                    }","                });","            }","            switch (event && event.currentTarget && event.currentTarget.id) {","            case 'testRunButton1':","                // show tests","                if (document.querySelector('#testReportDiv1').style.display === 'none') {","                    document.querySelector('#testReportDiv1').style.display = 'block';","                    document.querySelector('#testRunButton1').textContent =","                        'hide internal test';","                    local.modeTest = true;","                    local.testRunDefault(local);","                // hide tests","                } else {","                    document.querySelector('#testReportDiv1').style.display = 'none';","                    document.querySelector('#testRunButton1').textContent = 'run internal test';","                }","                break;","            // custom-case","            default:","                break;","            }","            if (document.querySelector('#inputTextareaEval1') && (!event || (event &&","                    event.currentTarget &&","                    event.currentTarget.className &&","                    event.currentTarget.className.includes &&","                    event.currentTarget.className.includes('oneval')))) {","                // try to eval input-code","                try {","                    /*jslint evil: true*/","                    eval(document.querySelector('#inputTextareaEval1').value);","                } catch (errorCaught) {","                    console.error(errorCaught.stack);","                }","            }","        };","        // log stderr and stdout to #outputTextareaStdout1","        ['error', 'log'].forEach(function (key) {","            console[key + '_original'] = console[key];","            console[key] = function () {","                var element;","                console[key + '_original'].apply(console, arguments);","                element = document.querySelector('#outputTextareaStdout1');","                if (!element) {","                    return;","                }","                // append text to #outputTextareaStdout1","                element.value += Array.from(arguments).map(function (arg) {","                    return typeof arg === 'string'","                        ? arg","                        : JSON.stringify(arg, null, 4);","                }).join(' ') + '\\n';","                // scroll textarea to bottom","                element.scrollTop = element.scrollHeight;","            };","        });","        // init event-handling","        ['change', 'click', 'keyup'].forEach(function (event) {","            Array.from(document.querySelectorAll('.on' + event)).forEach(function (element) {","                element.addEventListener(event, local.testRunBrowser);","            });","        });","        // run tests","        local.testRunBrowser();","        break;","","","","    // run node js-env code - post-init","    /* istanbul ignore next */","    case 'node':","        // export local","        module.exports = local;","        // require modules","        local.fs = require('fs');","        local.http = require('http');","        local.url = require('url');","        // init assets","        local.assetsDict = local.assetsDict || {};","        /* jslint-ignore-begin */","        local.assetsDict['/assets.index.template.html'] = '\\","<!doctype html>\\n\\","<html lang=\"en\">\\n\\","<head>\\n\\","<meta charset=\"UTF-8\">\\n\\","<meta name=\"viewport\" content=\"width=device-width, initial-scale=1\">\\n\\","<title>{{env.npm_package_name}} (v{{env.npm_package_version}})</title>\\n\\","<style>\\n\\","/*csslint\\n\\","    box-sizing: false,\\n\\","    universal-selector: false\\n\\","*/\\n\\","* {\\n\\","    box-sizing: border-box;\\n\\","}\\n\\","body {\\n\\","    background: #dde;\\n\\","    font-family: Arial, Helvetica, sans-serif;\\n\\","    margin: 2rem;\\n\\","}\\n\\","body > * {\\n\\","    margin-bottom: 1rem;\\n\\","}\\n\\",".utility2FooterDiv {\\n\\","    margin-top: 20px;\\n\\","    text-align: center;\\n\\","}\\n\\","</style>\\n\\","<style>\\n\\","/*csslint\\n\\","*/\\n\\","textarea {\\n\\","    font-family: monospace;\\n\\","    height: 10rem;\\n\\","    width: 100%;\\n\\","}\\n\\","textarea[readonly] {\\n\\","    background: #ddd;\\n\\","}\\n\\","</style>\\n\\","</head>\\n\\","<body>\\n\\","<!-- utility2-comment\\n\\","<div id=\"ajaxProgressDiv1\" style=\"background: #d00; height: 2px; left: 0; margin: 0; padding: 0; position: fixed; top: 0; transition: background 0.5s, width 1.5s; width: 25%;\"></div>\\n\\","utility2-comment -->\\n\\","<h1>\\n\\","<!-- utility2-comment\\n\\","    <a\\n\\","        {{#if env.npm_package_homepage}}\\n\\","        href=\"{{env.npm_package_homepage}}\"\\n\\","        {{/if env.npm_package_homepage}}\\n\\","        target=\"_blank\"\\n\\","    >\\n\\","utility2-comment -->\\n\\","        {{env.npm_package_name}} (v{{env.npm_package_version}})\\n\\","<!-- utility2-comment\\n\\","    </a>\\n\\","utility2-comment -->\\n\\","</h1>\\n\\","<h3>{{env.npm_package_description}}</h3>\\n\\","<!-- utility2-comment\\n\\","<h4><a download href=\"assets.app.js\">download standalone app</a></h4>\\n\\","<button class=\"onclick onreset\" id=\"testRunButton1\">run internal test</button><br>\\n\\","<div id=\"testReportDiv1\" style=\"display: none;\"></div>\\n\\","utility2-comment -->\\n\\","\\n\\","\\n\\","\\n\\","<label>stderr and stdout</label>\\n\\","<textarea class=\"resettable\" id=\"outputTextareaStdout1\" readonly></textarea>\\n\\","<!-- utility2-comment\\n\\","{{#if isRollup}}\\n\\","<script src=\"assets.app.js\"></script>\\n\\","{{#unless isRollup}}\\n\\","utility2-comment -->\\n\\","<script src=\"assets.utility2.rollup.js\"></script>\\n\\","<script src=\"jsonp.utility2._stateInit?callback=window.utility2._stateInit\"></script>\\n\\","<script src=\"assets.npmtest_sax.rollup.js\"></script>\\n\\","<script src=\"assets.example.js\"></script>\\n\\","<script src=\"assets.test.js\"></script>\\n\\","<!-- utility2-comment\\n\\","{{/if isRollup}}\\n\\","utility2-comment -->\\n\\","<div class=\"utility2FooterDiv\">\\n\\","    [ this app was created with\\n\\","    <a href=\"https://github.com/kaizhu256/node-utility2\" target=\"_blank\">utility2</a>\\n\\","    ]\\n\\","</div>\\n\\","</body>\\n\\","</html>\\n\\","';","        /* jslint-ignore-end */","        if (local.templateRender) {","            local.assetsDict['/'] = local.templateRender(","                local.assetsDict['/assets.index.template.html'],","                {","                    env: local.objectSetDefault(local.env, {","                        npm_package_description: 'the greatest app in the world!',","                        npm_package_name: 'my-app',","                        npm_package_nameAlias: 'my_app',","                        npm_package_version: '0.0.1'","                    })","                }","            );","        } else {","            local.assetsDict['/'] = local.assetsDict['/assets.index.template.html']","                .replace((/\\{\\{env\\.(\\w+?)\\}\\}/g), function (match0, match1) {","                    // jslint-hack","                    String(match0);","                    switch (match1) {","                    case 'npm_package_description':","                        return 'the greatest app in the world!';","                    case 'npm_package_name':","                        return 'my-app';","                    case 'npm_package_nameAlias':","                        return 'my_app';","                    case 'npm_package_version':","                        return '0.0.1';","                    }","                });","        }","        // run the cli","        if (local.global.utility2_rollup || module !== require.main) {","            break;","        }","        local.assetsDict['/assets.example.js'] =","            local.assetsDict['/assets.example.js'] ||","            local.fs.readFileSync(__filename, 'utf8');","        local.assetsDict['/assets.npmtest_sax.rollup.js'] =","            local.assetsDict['/assets.npmtest_sax.rollup.js'] ||","            local.fs.readFileSync(","                // buildCustomOrg-hack","                local.npmtest_sax.__dirname +","                    '/lib.npmtest_sax.js',","                'utf8'","            ).replace((/^#!/), '//');","        local.assetsDict['/favicon.ico'] = local.assetsDict['/favicon.ico'] || '';","        // if $npm_config_timeout_exit exists,","        // then exit this process after $npm_config_timeout_exit ms","        if (Number(process.env.npm_config_timeout_exit)) {","            setTimeout(process.exit, Number(process.env.npm_config_timeout_exit));","        }","        // start server","        if (local.global.utility2_serverHttp1) {","            break;","        }","        process.env.PORT = process.env.PORT || '8081';","        console.error('server starting on port ' + process.env.PORT);","        local.http.createServer(function (request, response) {","            request.urlParsed = local.url.parse(request.url);","            if (local.assetsDict[request.urlParsed.pathname] !== undefined) {","                response.end(local.assetsDict[request.urlParsed.pathname]);","                return;","            }","            response.statusCode = 404;","            response.end();","        }).listen(process.env.PORT);","        break;","    }","}());",""],"l":{"26":2,"28":2,"33":2,"35":2,"37":2,"38":2,"39":2,"44":1,"51":2,"55":2,"59":2,"61":2,"69":1,"70":2,"76":2,"79":2,"82":2,"83":2,"85":1,"89":2,"92":1,"93":1,"94":1,"96":1,"97":1,"100":1,"101":1,"103":1,"106":1,"108":2,"114":1,"116":1,"118":1,"123":1,"124":2,"125":2,"126":2,"127":2,"128":2,"129":2,"130":1,"133":2,"134":2,"139":2,"143":1,"144":3,"145":1,"149":1,"150":1,"158":1,"160":1,"161":1,"162":1,"164":1,"166":1,"258":1,"259":1,"271":1,"274":6,"275":6,"277":1,"279":2,"281":1,"283":2,"288":1,"289":1,"291":1,"294":1,"302":1,"305":1,"306":1,"309":1,"310":1,"312":1,"313":1,"314":1,"315":1,"316":1,"317":1,"318":1,"320":1,"321":1,"323":1}},"/home/travis/build/npmtest/node-npmtest-sax/sax/lib/sax.js":{"path":"/home/travis/build/npmtest/node-npmtest-sax/sax/lib/sax.js","s":{"1":1,"2":1,"3":0,"4":1,"5":1,"6":1,"7":1,"8":1,"9":1,"10":1,"11":0,"12":0,"13":0,"14":0,"15":0,"16":0,"17":0,"18":0,"19":0,"20":0,"21":0,"22":0,"23":0,"24":0,"25":0,"26":0,"27":0,"28":0,"29":0,"30":0,"31":0,"32":0,"33":0,"34":0,"35":1,"36":0,"37":1,"38":0,"39":0,"40":0,"41":1,"42":0,"43":0,"44":0,"45":0,"46":0,"47":0,"48":1,"49":0,"50":0,"51":0,"52":0,"53":0,"54":0,"55":0,"56":0,"57":0,"58":0,"59":0,"60":0,"61":0,"62":0,"63":0,"64":0,"65":0,"66":0,"67":1,"68":0,"69":0,"70":1,"71":0,"72":0,"73":0,"74":0,"75":0,"76":0,"77":0,"78":1,"79":0,"80":0,"81":0,"82":0,"83":0,"84":1,"85":1,"86":1,"87":0,"88":1,"89":18,"90":1,"91":0,"92":1,"93":0,"94":0,"95":0,"96":0,"97":0,"98":0,"99":0,"100":0,"101":0,"102":0,"103":0,"104":0,"105":0,"106":0,"107":0,"108":0,"109":0,"110":0,"111":0,"112":0,"113":0,"114":1,"115":1,"116":0,"117":0,"118":0,"119":0,"120":0,"121":0,"122":0,"123":0,"124":1,"125":0,"126":0,"127":0,"128":0,"129":1,"130":0,"131":0,"132":0,"133":0,"134":0,"135":0,"136":0,"137":1,"138":1,"139":1,"140":1,"141":1,"142":1,"143":1,"144":1,"145":1,"146":1,"147":1,"148":1,"149":1,"150":1,"151":1,"152":1,"153":3,"154":11,"155":11,"156":1,"157":0,"158":1,"159":0,"160":1,"161":0,"162":1,"163":0,"164":1,"165":1,"166":1,"167":1,"168":1,"169":253,"170":253,"171":253,"172":1,"173":36,"174":1,"175":1,"176":0,"177":1,"178":0,"179":0,"180":0,"181":1,"182":0,"183":0,"184":0,"185":0,"186":1,"187":0,"188":0,"189":0,"190":0,"191":0,"192":1,"193":0,"194":0,"195":0,"196":0,"197":0,"198":0,"199":0,"200":1,"201":0,"202":0,"203":0,"204":0,"205":0,"206":0,"207":0,"208":0,"209":0,"210":0,"211":1,"212":0,"213":0,"214":0,"215":0,"216":1,"217":0,"218":0,"219":0,"220":0,"221":0,"222":0,"223":0,"224":0,"225":1,"226":0,"227":0,"228":0,"229":0,"230":0,"231":0,"232":0,"233":0,"234":1,"235":0,"236":0,"237":0,"238":0,"239":0,"240":0,"241":0,"242":0,"243":0,"244":0,"245":0,"246":0,"247":0,"248":0,"249":0,"250":0,"251":0,"252":0,"253":0,"254":0,"255":0,"256":0,"257":0,"258":1,"259":0,"260":0,"261":0,"262":0,"263":0,"264":0,"265":0,"266":0,"267":0,"268":0,"269":0,"270":0,"271":0,"272":0,"273":0,"274":0,"275":0,"276":0,"277":0,"278":0,"279":0,"280":0,"281":0,"282":0,"283":0,"284":0,"285":0,"286":0,"287":0,"288":0,"289":0,"290":0,"291":0,"292":0,"293":0,"294":0,"295":0,"296":0,"297":0,"298":0,"299":1,"300":0,"301":0,"302":0,"303":0,"304":0,"305":0,"306":0,"307":0,"308":0,"309":0,"310":0,"311":0,"312":0,"313":0,"314":0,"315":0,"316":0,"317":0,"318":0,"319":0,"320":0,"321":0,"322":0,"323":0,"324":0,"325":0,"326":0,"327":0,"328":0,"329":0,"330":0,"331":0,"332":0,"333":0,"334":0,"335":0,"336":0,"337":0,"338":0,"339":0,"340":0,"341":0,"342":0,"343":0,"344":0,"345":0,"346":0,"347":1,"348":0,"349":0,"350":0,"351":0,"352":0,"353":0,"354":0,"355":0,"356":0,"357":0,"358":0,"359":0,"360":0,"361":0,"362":0,"363":0,"364":0,"365":0,"366":0,"367":0,"368":0,"369":0,"370":1,"371":0,"372":0,"373":0,"374":0,"375":0,"376":0,"377":0,"378":1,"379":0,"380":0,"381":0,"382":0,"383":1,"384":0,"385":0,"386":0,"387":0,"388":0,"389":0,"390":0,"391":0,"392":0,"393":0,"394":0,"395":0,"396":0,"397":0,"398":0,"399":0,"400":0,"401":0,"402":0,"403":0,"404":0,"405":0,"406":0,"407":0,"408":0,"409":0,"410":0,"411":0,"412":0,"413":0,"414":0,"415":0,"416":0,"417":0,"418":0,"419":0,"420":0,"421":0,"422":0,"423":0,"424":0,"425":0,"426":0,"427":0,"428":0,"429":0,"430":0,"431":0,"432":0,"433":0,"434":0,"435":0,"436":0,"437":0,"438":0,"439":0,"440":0,"441":0,"442":0,"443":0,"444":0,"445":0,"446":0,"447":0,"448":0,"449":0,"450":0,"451":0,"452":0,"453":0,"454":0,"455":0,"456":0,"457":0,"458":0,"459":0,"460":0,"461":0,"462":0,"463":0,"464":0,"465":0,"466":0,"467":0,"468":0,"469":0,"470":0,"471":0,"472":0,"473":0,"474":0,"475":0,"476":0,"477":0,"478":0,"479":0,"480":0,"481":0,"482":0,"483":0,"484":0,"485":0,"486":0,"487":0,"488":0,"489":0,"490":0,"491":0,"492":0,"493":0,"494":0,"495":0,"496":0,"497":0,"498":0,"499":0,"500":0,"501":0,"502":0,"503":0,"504":0,"505":0,"506":0,"507":0,"508":0,"509":0,"510":0,"511":0,"512":0,"513":0,"514":0,"515":0,"516":0,"517":0,"518":0,"519":0,"520":0,"521":0,"522":0,"523":0,"524":0,"525":0,"526":0,"527":0,"528":0,"529":0,"530":0,"531":0,"532":0,"533":0,"534":0,"535":0,"536":0,"537":0,"538":0,"539":0,"540":0,"541":0,"542":0,"543":0,"544":0,"545":0,"546":0,"547":0,"548":0,"549":0,"550":0,"551":0,"552":0,"553":0,"554":0,"555":0,"556":0,"557":0,"558":0,"559":0,"560":0,"561":0,"562":0,"563":0,"564":0,"565":0,"566":0,"567":0,"568":0,"569":0,"570":0,"571":0,"572":0,"573":0,"574":0,"575":0,"576":0,"577":0,"578":0,"579":0,"580":0,"581":0,"582":0,"583":0,"584":0,"585":0,"586":0,"587":0,"588":0,"589":0,"590":0,"591":0,"592":0,"593":0,"594":0,"595":0,"596":0,"597":0,"598":0,"599":0,"600":0,"601":0,"602":0,"603":0,"604":0,"605":0,"606":0,"607":0,"608":0,"609":0,"610":0,"611":0,"612":0,"613":0,"614":0,"615":0,"616":0,"617":0,"618":0,"619":0,"620":0,"621":0,"622":0,"623":0,"624":0,"625":0,"626":0,"627":0,"628":0,"629":0,"630":0,"631":0,"632":0,"633":0,"634":0,"635":0,"636":0,"637":0,"638":0,"639":0,"640":0,"641":0,"642":0,"643":0,"644":0,"645":0,"646":0,"647":0,"648":0,"649":0,"650":0,"651":0,"652":0,"653":0,"654":0,"655":0,"656":0,"657":0,"658":0,"659":0,"660":0,"661":0,"662":0,"663":0,"664":0,"665":0,"666":0,"667":0,"668":0,"669":0,"670":0,"671":0,"672":0,"673":0,"674":0,"675":0,"676":0,"677":0,"678":0,"679":0,"680":0,"681":0,"682":0,"683":0,"684":0,"685":0,"686":0,"687":0,"688":0,"689":0,"690":0,"691":0,"692":0,"693":0,"694":0,"695":0,"696":0,"697":0,"698":0,"699":0,"700":0,"701":0,"702":0,"703":0,"704":0,"705":0,"706":0,"707":0,"708":0,"709":0,"710":0,"711":0,"712":0,"713":0,"714":0,"715":0,"716":0,"717":0,"718":0,"719":0,"720":0,"721":0,"722":0,"723":0,"724":0,"725":0,"726":0,"727":0,"728":0,"729":0,"730":0,"731":0,"732":1,"733":0,"734":0,"735":0,"736":0,"737":0,"738":0,"739":0,"740":0,"741":0,"742":0,"743":0,"744":0,"745":0,"746":0,"747":0,"748":0,"749":0,"750":0,"751":0,"752":0,"753":0,"754":0,"755":0,"756":0,"757":0,"758":0,"759":0,"760":0,"761":0,"762":0},"b":{"1":[0,0],"2":[0,0],"3":[0,0],"4":[0,0],"5":[0,0],"6":[0,0],"7":[0,0],"8":[0,0],"9":[0,1],"10":[0,1],"11":[0,0],"12":[0,0],"13":[0,0,0,0],"14":[0,0],"15":[0,0],"16":[18,17],"17":[0,0],"18":[0,0],"19":[0,0],"20":[0,0,0],"21":[0,0],"22":[0,0],"23":[0,0],"24":[0,0],"25":[0,0],"26":[0,0],"27":[248,5],"28":[0,0],"29":[0,0],"30":[0,0],"31":[0,0],"32":[0,0],"33":[0,0],"34":[0,0],"35":[0,0],"36":[0,0],"37":[0,0,0],"38":[0,0],"39":[0,0],"40":[0,0],"41":[0,0],"42":[0,0],"43":[0,0],"44":[0,0],"45":[0,0],"46":[0,0],"47":[0,0],"48":[0,0],"49":[0,0],"50":[0,0],"51":[0,0],"52":[0,0],"53":[0,0],"54":[0,0],"55":[0,0],"56":[0,0],"57":[0,0],"58":[0,0],"59":[0,0],"60":[0,0],"61":[0,0],"62":[0,0],"63":[0,0],"64":[0,0],"65":[0,0],"66":[0,0],"67":[0,0],"68":[0,0,0],"69":[0,0],"70":[0,0],"71":[0,0],"72":[0,0],"73":[0,0],"74":[0,0],"75":[0,0],"76":[0,0],"77":[0,0],"78":[0,0],"79":[0,0],"80":[0,0],"81":[0,0],"82":[0,0],"83":[0,0],"84":[0,0],"85":[0,0],"86":[0,0],"87":[0,0],"88":[0,0],"89":[0,0],"90":[0,0],"91":[0,0],"92":[0,0],"93":[0,0],"94":[0,0],"95":[0,0],"96":[0,0],"97":[0,0,0,0,0,0,0,0,0,0,0,0,0,0,0,0,0,0,0,0,0,0,0,0,0,0,0,0,0,0,0,0,0,0,0,0],"98":[0,0],"99":[0,0],"100":[0,0],"101":[0,0,0],"102":[0,0],"103":[0,0],"104":[0,0],"105":[0,0],"106":[0,0],"107":[0,0,0],"108":[0,0],"109":[0,0,0],"110":[0,0],"111":[0,0],"112":[0,0],"113":[0,0],"114":[0,0],"115":[0,0],"116":[0,0],"117":[0,0],"118":[0,0],"119":[0,0],"120":[0,0],"121":[0,0],"122":[0,0],"123":[0,0],"124":[0,0],"125":[0,0],"126":[0,0],"127":[0,0],"128":[0,0],"129":[0,0],"130":[0,0],"131":[0,0],"132":[0,0],"133":[0,0],"134":[0,0],"135":[0,0],"136":[0,0],"137":[0,0],"138":[0,0],"139":[0,0],"140":[0,0],"141":[0,0],"142":[0,0],"143":[0,0],"144":[0,0],"145":[0,0],"146":[0,0],"147":[0,0],"148":[0,0],"149":[0,0],"150":[0,0],"151":[0,0],"152":[0,0],"153":[0,0],"154":[0,0],"155":[0,0],"156":[0,0],"157":[0,0],"158":[0,0],"159":[0,0],"160":[0,0],"161":[0,0],"162":[0,0],"163":[0,0],"164":[0,0],"165":[0,0],"166":[0,0],"167":[0,0],"168":[0,0],"169":[0,0],"170":[0,0],"171":[0,0],"172":[0,0],"173":[0,0],"174":[0,0],"175":[0,0],"176":[0,0],"177":[0,0],"178":[0,0],"179":[0,0],"180":[0,0],"181":[0,0],"182":[0,0],"183":[0,0],"184":[0,0],"185":[0,0],"186":[0,0],"187":[0,0,0],"188":[0,0],"189":[0,0],"190":[0,0],"191":[0,0],"192":[0,1],"193":[0,0],"194":[0,0],"195":[0,0,0,0],"196":[0,0],"197":[0,0],"198":[0,0],"199":[0,0],"200":[0,1]},"f":{"1":1,"2":0,"3":0,"4":0,"5":0,"6":0,"7":0,"8":0,"9":0,"10":0,"11":0,"12":0,"13":0,"14":0,"15":18,"16":0,"17":0,"18":0,"19":0,"20":0,"21":0,"22":0,"23":0,"24":0,"25":0,"26":0,"27":3,"28":11,"29":0,"30":0,"31":0,"32":0,"33":253,"34":0,"35":0,"36":0,"37":0,"38":0,"39":0,"40":0,"41":0,"42":0,"43":0,"44":0,"45":0,"46":0,"47":0,"48":0,"49":0,"50":0,"51":0,"52":0,"53":0},"fnMap":{"1":{"name":"(anonymous_1)","line":1,"loc":{"start":{"line":1,"column":2},"end":{"line":1,"column":17}}},"2":{"name":"(anonymous_2)","line":2,"loc":{"start":{"line":2,"column":15},"end":{"line":2,"column":38}}},"3":{"name":"SAXParser","line":45,"loc":{"start":{"line":45,"column":2},"end":{"line":45,"column":35}}},"4":{"name":"(anonymous_4)","line":83,"loc":{"start":{"line":83,"column":20},"end":{"line":83,"column":33}}},"5":{"name":"F","line":84,"loc":{"start":{"line":84,"column":6},"end":{"line":84,"column":20}}},"6":{"name":"(anonymous_6)","line":92,"loc":{"start":{"line":92,"column":18},"end":{"line":92,"column":31}}},"7":{"name":"checkBufferLength","line":99,"loc":{"start":{"line":99,"column":2},"end":{"line":99,"column":38}}},"8":{"name":"clearBuffers","line":135,"loc":{"start":{"line":135,"column":2},"end":{"line":135,"column":33}}},"9":{"name":"flushBuffers","line":141,"loc":{"start":{"line":141,"column":2},"end":{"line":141,"column":33}}},"10":{"name":"(anonymous_10)","line":154,"loc":{"start":{"line":154,"column":9},"end":{"line":154,"column":21}}},"11":{"name":"(anonymous_11)","line":156,"loc":{"start":{"line":156,"column":12},"end":{"line":156,"column":24}}},"12":{"name":"(anonymous_12)","line":157,"loc":{"start":{"line":157,"column":11},"end":{"line":157,"column":23}}},"13":{"name":"(anonymous_13)","line":158,"loc":{"start":{"line":158,"column":11},"end":{"line":158,"column":23}}},"14":{"name":"(anonymous_14)","line":165,"loc":{"start":{"line":165,"column":13},"end":{"line":165,"column":25}}},"15":{"name":"(anonymous_15)","line":168,"loc":{"start":{"line":168,"column":38},"end":{"line":168,"column":52}}},"16":{"name":"createStream","line":172,"loc":{"start":{"line":172,"column":2},"end":{"line":172,"column":38}}},"17":{"name":"SAXStream","line":176,"loc":{"start":{"line":176,"column":2},"end":{"line":176,"column":35}}},"18":{"name":"(anonymous_18)","line":189,"loc":{"start":{"line":189,"column":25},"end":{"line":189,"column":37}}},"19":{"name":"(anonymous_19)","line":193,"loc":{"start":{"line":193,"column":27},"end":{"line":193,"column":41}}},"20":{"name":"(anonymous_20)","line":203,"loc":{"start":{"line":203,"column":24},"end":{"line":203,"column":38}}},"21":{"name":"(anonymous_21)","line":205,"loc":{"start":{"line":205,"column":13},"end":{"line":205,"column":25}}},"22":{"name":"(anonymous_22)","line":208,"loc":{"start":{"line":208,"column":13},"end":{"line":208,"column":26}}},"23":{"name":"(anonymous_23)","line":228,"loc":{"start":{"line":228,"column":30},"end":{"line":228,"column":46}}},"24":{"name":"(anonymous_24)","line":244,"loc":{"start":{"line":244,"column":28},"end":{"line":244,"column":45}}},"25":{"name":"(anonymous_25)","line":252,"loc":{"start":{"line":252,"column":27},"end":{"line":252,"column":50}}},"26":{"name":"(anonymous_26)","line":255,"loc":{"start":{"line":255,"column":30},"end":{"line":255,"column":42}}},"27":{"name":"charClass","line":299,"loc":{"start":{"line":299,"column":2},"end":{"line":299,"column":27}}},"28":{"name":"(anonymous_28)","line":300,"loc":{"start":{"line":300,"column":32},"end":{"line":300,"column":48}}},"29":{"name":"isMatch","line":306,"loc":{"start":{"line":306,"column":2},"end":{"line":306,"column":30}}},"30":{"name":"is","line":310,"loc":{"start":{"line":310,"column":2},"end":{"line":310,"column":29}}},"31":{"name":"notMatch","line":314,"loc":{"start":{"line":314,"column":2},"end":{"line":314,"column":31}}},"32":{"name":"not","line":318,"loc":{"start":{"line":318,"column":2},"end":{"line":318,"column":30}}},"33":{"name":"(anonymous_33)","line":626,"loc":{"start":{"line":626,"column":36},"end":{"line":626,"column":51}}},"34":{"name":"emit","line":639,"loc":{"start":{"line":639,"column":2},"end":{"line":639,"column":38}}},"35":{"name":"emitNode","line":643,"loc":{"start":{"line":643,"column":2},"end":{"line":643,"column":45}}},"36":{"name":"closeText","line":648,"loc":{"start":{"line":648,"column":2},"end":{"line":648,"column":30}}},"37":{"name":"textopts","line":654,"loc":{"start":{"line":654,"column":2},"end":{"line":654,"column":32}}},"38":{"name":"error","line":660,"loc":{"start":{"line":660,"column":2},"end":{"line":660,"column":30}}},"39":{"name":"end","line":673,"loc":{"start":{"line":673,"column":2},"end":{"line":673,"column":24}}},"40":{"name":"strictFail","line":688,"loc":{"start":{"line":688,"column":2},"end":{"line":688,"column":40}}},"41":{"name":"newTag","line":697,"loc":{"start":{"line":697,"column":2},"end":{"line":697,"column":27}}},"42":{"name":"qname","line":710,"loc":{"start":{"line":710,"column":2},"end":{"line":710,"column":35}}},"43":{"name":"attrib","line":725,"loc":{"start":{"line":725,"column":2},"end":{"line":725,"column":27}}},"44":{"name":"openTag","line":777,"loc":{"start":{"line":777,"column":2},"end":{"line":777,"column":41}}},"45":{"name":"(anonymous_45)","line":796,"loc":{"start":{"line":796,"column":36},"end":{"line":796,"column":49}}},"46":{"name":"closeTag","line":856,"loc":{"start":{"line":856,"column":2},"end":{"line":856,"column":29}}},"47":{"name":"(anonymous_47)","line":915,"loc":{"start":{"line":915,"column":36},"end":{"line":915,"column":49}}},"48":{"name":"parseEntity","line":927,"loc":{"start":{"line":927,"column":2},"end":{"line":927,"column":32}}},"49":{"name":"beginWhiteSpace","line":960,"loc":{"start":{"line":960,"column":2},"end":{"line":960,"column":39}}},"50":{"name":"charAt","line":973,"loc":{"start":{"line":973,"column":2},"end":{"line":973,"column":29}}},"51":{"name":"write","line":981,"loc":{"start":{"line":981,"column":2},"end":{"line":981,"column":25}}},"52":{"name":"(anonymous_52)","line":1529,"loc":{"start":{"line":1529,"column":5},"end":{"line":1529,"column":17}},"skip":true},"53":{"name":"(anonymous_53)","line":1532,"loc":{"start":{"line":1532,"column":26},"end":{"line":1532,"column":38}},"skip":true}},"statementMap":{"1":{"start":{"line":1,"column":1},"end":{"line":1581,"column":60}},"2":{"start":{"line":2,"column":2},"end":{"line":2,"column":75}},"3":{"start":{"line":2,"column":40},"end":{"line":2,"column":74}},"4":{"start":{"line":3,"column":2},"end":{"line":3,"column":27}},"5":{"start":{"line":4,"column":2},"end":{"line":4,"column":27}},"6":{"start":{"line":5,"column":2},"end":{"line":5,"column":33}},"7":{"start":{"line":16,"column":2},"end":{"line":16,"column":35}},"8":{"start":{"line":18,"column":2},"end":{"line":22,"column":3}},"9":{"start":{"line":24,"column":2},"end":{"line":43,"column":3}},"10":{"start":{"line":45,"column":2},"end":{"line":80,"column":3}},"11":{"start":{"line":46,"column":4},"end":{"line":48,"column":5}},"12":{"start":{"line":47,"column":6},"end":{"line":47,"column":39}},"13":{"start":{"line":50,"column":4},"end":{"line":50,"column":21}},"14":{"start":{"line":51,"column":4},"end":{"line":51,"column":24}},"15":{"start":{"line":52,"column":4},"end":{"line":52,"column":28}},"16":{"start":{"line":53,"column":4},"end":{"line":53,"column":54}},"17":{"start":{"line":54,"column":4},"end":{"line":54,"column":26}},"18":{"start":{"line":55,"column":4},"end":{"line":55,"column":75}},"19":{"start":{"line":56,"column":4},"end":{"line":56,"column":75}},"20":{"start":{"line":57,"column":4},"end":{"line":57,"column":20}},"21":{"start":{"line":58,"column":4},"end":{"line":58,"column":62}},"22":{"start":{"line":59,"column":4},"end":{"line":59,"column":36}},"23":{"start":{"line":60,"column":4},"end":{"line":60,"column":28}},"24":{"start":{"line":61,"column":4},"end":{"line":61,"column":55}},"25":{"start":{"line":62,"column":4},"end":{"line":62,"column":26}},"26":{"start":{"line":63,"column":4},"end":{"line":63,"column":53}},"27":{"start":{"line":64,"column":4},"end":{"line":64,"column":107}},"28":{"start":{"line":65,"column":4},"end":{"line":65,"column":26}},"29":{"start":{"line":70,"column":4},"end":{"line":72,"column":5}},"30":{"start":{"line":71,"column":6},"end":{"line":71,"column":39}},"31":{"start":{"line":75,"column":4},"end":{"line":75,"column":56}},"32":{"start":{"line":76,"column":4},"end":{"line":78,"column":5}},"33":{"start":{"line":77,"column":6},"end":{"line":77,"column":55}},"34":{"start":{"line":79,"column":4},"end":{"line":79,"column":27}},"35":{"start":{"line":82,"column":2},"end":{"line":89,"column":3}},"36":{"start":{"line":83,"column":4},"end":{"line":88,"column":5}},"37":{"start":{"line":84,"column":6},"end":{"line":84,"column":22}},"38":{"start":{"line":85,"column":6},"end":{"line":85,"column":21}},"39":{"start":{"line":86,"column":6},"end":{"line":86,"column":24}},"40":{"start":{"line":87,"column":6},"end":{"line":87,"column":17}},"41":{"start":{"line":91,"column":2},"end":{"line":97,"column":3}},"42":{"start":{"line":92,"column":4},"end":{"line":96,"column":5}},"43":{"start":{"line":93,"column":6},"end":{"line":93,"column":16}},"44":{"start":{"line":94,"column":6},"end":{"line":94,"column":57}},"45":{"start":{"line":94,"column":23},"end":{"line":94,"column":57}},"46":{"start":{"line":94,"column":48},"end":{"line":94,"column":57}},"47":{"start":{"line":95,"column":6},"end":{"line":95,"column":14}},"48":{"start":{"line":99,"column":2},"end":{"line":133,"column":3}},"49":{"start":{"line":100,"column":4},"end":{"line":100,"column":56}},"50":{"start":{"line":101,"column":4},"end":{"line":101,"column":21}},"51":{"start":{"line":102,"column":4},"end":{"line":129,"column":5}},"52":{"start":{"line":103,"column":6},"end":{"line":103,"column":41}},"53":{"start":{"line":104,"column":6},"end":{"line":127,"column":7}},"54":{"start":{"line":109,"column":8},"end":{"line":126,"column":9}},"55":{"start":{"line":111,"column":12},"end":{"line":111,"column":29}},"56":{"start":{"line":112,"column":12},"end":{"line":112,"column":17}},"57":{"start":{"line":115,"column":12},"end":{"line":115,"column":53}},"58":{"start":{"line":116,"column":12},"end":{"line":116,"column":29}},"59":{"start":{"line":117,"column":12},"end":{"line":117,"column":17}},"60":{"start":{"line":120,"column":12},"end":{"line":120,"column":55}},"61":{"start":{"line":121,"column":12},"end":{"line":121,"column":30}},"62":{"start":{"line":122,"column":12},"end":{"line":122,"column":17}},"63":{"start":{"line":125,"column":12},"end":{"line":125,"column":70}},"64":{"start":{"line":128,"column":6},"end":{"line":128,"column":42}},"65":{"start":{"line":131,"column":4},"end":{"line":131,"column":45}},"66":{"start":{"line":132,"column":4},"end":{"line":132,"column":52}},"67":{"start":{"line":135,"column":2},"end":{"line":139,"column":3}},"68":{"start":{"line":136,"column":4},"end":{"line":138,"column":5}},"69":{"start":{"line":137,"column":6},"end":{"line":137,"column":29}},"70":{"start":{"line":141,"column":2},"end":{"line":151,"column":3}},"71":{"start":{"line":142,"column":4},"end":{"line":142,"column":21}},"72":{"start":{"line":143,"column":4},"end":{"line":146,"column":5}},"73":{"start":{"line":144,"column":6},"end":{"line":144,"column":47}},"74":{"start":{"line":145,"column":6},"end":{"line":145,"column":23}},"75":{"start":{"line":147,"column":4},"end":{"line":150,"column":5}},"76":{"start":{"line":148,"column":6},"end":{"line":148,"column":49}},"77":{"start":{"line":149,"column":6},"end":{"line":149,"column":24}},"78":{"start":{"line":153,"column":2},"end":{"line":159,"column":3}},"79":{"start":{"line":154,"column":23},"end":{"line":154,"column":33}},"80":{"start":{"line":156,"column":26},"end":{"line":156,"column":44}},"81":{"start":{"line":156,"column":45},"end":{"line":156,"column":57}},"82":{"start":{"line":157,"column":25},"end":{"line":157,"column":49}},"83":{"start":{"line":158,"column":25},"end":{"line":158,"column":44}},"84":{"start":{"line":161,"column":2},"end":{"line":161,"column":12}},"85":{"start":{"line":162,"column":2},"end":{"line":166,"column":3}},"86":{"start":{"line":163,"column":4},"end":{"line":163,"column":37}},"87":{"start":{"line":165,"column":4},"end":{"line":165,"column":27}},"88":{"start":{"line":168,"column":2},"end":{"line":170,"column":4}},"89":{"start":{"line":169,"column":4},"end":{"line":169,"column":41}},"90":{"start":{"line":172,"column":2},"end":{"line":174,"column":3}},"91":{"start":{"line":173,"column":4},"end":{"line":173,"column":37}},"92":{"start":{"line":176,"column":2},"end":{"line":220,"column":3}},"93":{"start":{"line":177,"column":4},"end":{"line":179,"column":5}},"94":{"start":{"line":178,"column":6},"end":{"line":178,"column":39}},"95":{"start":{"line":181,"column":4},"end":{"line":181,"column":22}},"96":{"start":{"line":183,"column":4},"end":{"line":183,"column":45}},"97":{"start":{"line":184,"column":4},"end":{"line":184,"column":24}},"98":{"start":{"line":185,"column":4},"end":{"line":185,"column":24}},"99":{"start":{"line":187,"column":4},"end":{"line":187,"column":17}},"100":{"start":{"line":189,"column":4},"end":{"line":191,"column":5}},"101":{"start":{"line":190,"column":6},"end":{"line":190,"column":20}},"102":{"start":{"line":193,"column":4},"end":{"line":199,"column":5}},"103":{"start":{"line":194,"column":6},"end":{"line":194,"column":26}},"104":{"start":{"line":198,"column":6},"end":{"line":198,"column":29}},"105":{"start":{"line":201,"column":4},"end":{"line":201,"column":24}},"106":{"start":{"line":203,"column":4},"end":{"line":219,"column":6}},"107":{"start":{"line":204,"column":6},"end":{"line":218,"column":8}},"108":{"start":{"line":206,"column":10},"end":{"line":206,"column":38}},"109":{"start":{"line":209,"column":10},"end":{"line":213,"column":11}},"110":{"start":{"line":210,"column":12},"end":{"line":210,"column":37}},"111":{"start":{"line":211,"column":12},"end":{"line":211,"column":37}},"112":{"start":{"line":212,"column":12},"end":{"line":212,"column":20}},"113":{"start":{"line":214,"column":10},"end":{"line":214,"column":22}},"114":{"start":{"line":222,"column":2},"end":{"line":226,"column":4}},"115":{"start":{"line":228,"column":2},"end":{"line":242,"column":3}},"116":{"start":{"line":229,"column":4},"end":{"line":237,"column":5}},"117":{"start":{"line":232,"column":6},"end":{"line":235,"column":7}},"118":{"start":{"line":233,"column":8},"end":{"line":233,"column":56}},"119":{"start":{"line":234,"column":8},"end":{"line":234,"column":38}},"120":{"start":{"line":236,"column":6},"end":{"line":236,"column":38}},"121":{"start":{"line":239,"column":4},"end":{"line":239,"column":39}},"122":{"start":{"line":240,"column":4},"end":{"line":240,"column":27}},"123":{"start":{"line":241,"column":4},"end":{"line":241,"column":15}},"124":{"start":{"line":244,"column":2},"end":{"line":250,"column":3}},"125":{"start":{"line":245,"column":4},"end":{"line":247,"column":5}},"126":{"start":{"line":246,"column":6},"end":{"line":246,"column":23}},"127":{"start":{"line":248,"column":4},"end":{"line":248,"column":22}},"128":{"start":{"line":249,"column":4},"end":{"line":249,"column":15}},"129":{"start":{"line":252,"column":2},"end":{"line":263,"column":3}},"130":{"start":{"line":253,"column":4},"end":{"line":253,"column":17}},"131":{"start":{"line":254,"column":4},"end":{"line":260,"column":5}},"132":{"start":{"line":255,"column":6},"end":{"line":259,"column":7}},"133":{"start":{"line":256,"column":8},"end":{"line":256,"column":89}},"134":{"start":{"line":257,"column":8},"end":{"line":257,"column":29}},"135":{"start":{"line":258,"column":8},"end":{"line":258,"column":31}},"136":{"start":{"line":262,"column":4},"end":{"line":262,"column":52}},"137":{"start":{"line":266,"column":2},"end":{"line":266,"column":28}},"138":{"start":{"line":272,"column":2},"end":{"line":272,"column":19}},"139":{"start":{"line":273,"column":2},"end":{"line":273,"column":34}},"140":{"start":{"line":274,"column":2},"end":{"line":274,"column":23}},"141":{"start":{"line":275,"column":2},"end":{"line":275,"column":25}},"142":{"start":{"line":276,"column":2},"end":{"line":276,"column":60}},"143":{"start":{"line":277,"column":2},"end":{"line":277,"column":55}},"144":{"start":{"line":278,"column":2},"end":{"line":278,"column":61}},"145":{"start":{"line":281,"column":2},"end":{"line":281,"column":36}},"146":{"start":{"line":289,"column":2},"end":{"line":289,"column":173}},"147":{"start":{"line":291,"column":2},"end":{"line":291,"column":208}},"148":{"start":{"line":293,"column":2},"end":{"line":293,"column":176}},"149":{"start":{"line":294,"column":2},"end":{"line":294,"column":211}},"150":{"start":{"line":296,"column":2},"end":{"line":296,"column":26}},"151":{"start":{"line":297,"column":2},"end":{"line":297,"column":34}},"152":{"start":{"line":299,"column":2},"end":{"line":304,"column":3}},"153":{"start":{"line":300,"column":4},"end":{"line":303,"column":10}},"154":{"start":{"line":301,"column":6},"end":{"line":301,"column":17}},"155":{"start":{"line":302,"column":6},"end":{"line":302,"column":14}},"156":{"start":{"line":306,"column":2},"end":{"line":308,"column":3}},"157":{"start":{"line":307,"column":4},"end":{"line":307,"column":24}},"158":{"start":{"line":310,"column":2},"end":{"line":312,"column":3}},"159":{"start":{"line":311,"column":4},"end":{"line":311,"column":23}},"160":{"start":{"line":314,"column":2},"end":{"line":316,"column":3}},"161":{"start":{"line":315,"column":4},"end":{"line":315,"column":29}},"162":{"start":{"line":318,"column":2},"end":{"line":320,"column":3}},"163":{"start":{"line":319,"column":4},"end":{"line":319,"column":28}},"164":{"start":{"line":322,"column":2},"end":{"line":322,"column":11}},"165":{"start":{"line":323,"column":2},"end":{"line":360,"column":3}},"166":{"start":{"line":362,"column":2},"end":{"line":368,"column":3}},"167":{"start":{"line":370,"column":2},"end":{"line":624,"column":3}},"168":{"start":{"line":626,"column":2},"end":{"line":630,"column":4}},"169":{"start":{"line":627,"column":4},"end":{"line":627,"column":29}},"170":{"start":{"line":628,"column":4},"end":{"line":628,"column":62}},"171":{"start":{"line":629,"column":4},"end":{"line":629,"column":25}},"172":{"start":{"line":632,"column":2},"end":{"line":634,"column":3}},"173":{"start":{"line":633,"column":4},"end":{"line":633,"column":31}},"174":{"start":{"line":637,"column":2},"end":{"line":637,"column":15}},"175":{"start":{"line":639,"column":2},"end":{"line":641,"column":3}},"176":{"start":{"line":640,"column":4},"end":{"line":640,"column":40}},"177":{"start":{"line":643,"column":2},"end":{"line":646,"column":3}},"178":{"start":{"line":644,"column":4},"end":{"line":644,"column":42}},"179":{"start":{"line":644,"column":25},"end":{"line":644,"column":42}},"180":{"start":{"line":645,"column":4},"end":{"line":645,"column":32}},"181":{"start":{"line":648,"column":2},"end":{"line":652,"column":3}},"182":{"start":{"line":649,"column":4},"end":{"line":649,"column":59}},"183":{"start":{"line":650,"column":4},"end":{"line":650,"column":64}},"184":{"start":{"line":650,"column":25},"end":{"line":650,"column":64}},"185":{"start":{"line":651,"column":4},"end":{"line":651,"column":24}},"186":{"start":{"line":654,"column":2},"end":{"line":658,"column":3}},"187":{"start":{"line":655,"column":4},"end":{"line":655,"column":36}},"188":{"start":{"line":655,"column":18},"end":{"line":655,"column":36}},"189":{"start":{"line":656,"column":4},"end":{"line":656,"column":55}},"190":{"start":{"line":656,"column":23},"end":{"line":656,"column":55}},"191":{"start":{"line":657,"column":4},"end":{"line":657,"column":15}},"192":{"start":{"line":660,"column":2},"end":{"line":671,"column":3}},"193":{"start":{"line":661,"column":4},"end":{"line":661,"column":21}},"194":{"start":{"line":662,"column":4},"end":{"line":666,"column":5}},"195":{"start":{"line":663,"column":6},"end":{"line":665,"column":29}},"196":{"start":{"line":667,"column":4},"end":{"line":667,"column":22}},"197":{"start":{"line":668,"column":4},"end":{"line":668,"column":21}},"198":{"start":{"line":669,"column":4},"end":{"line":669,"column":31}},"199":{"start":{"line":670,"column":4},"end":{"line":670,"column":17}},"200":{"start":{"line":673,"column":2},"end":{"line":686,"column":3}},"201":{"start":{"line":674,"column":4},"end":{"line":674,"column":85}},"202":{"start":{"line":674,"column":46},"end":{"line":674,"column":85}},"203":{"start":{"line":675,"column":4},"end":{"line":679,"column":5}},"204":{"start":{"line":678,"column":6},"end":{"line":678,"column":37}},"205":{"start":{"line":680,"column":4},"end":{"line":680,"column":21}},"206":{"start":{"line":681,"column":4},"end":{"line":681,"column":17}},"207":{"start":{"line":682,"column":4},"end":{"line":682,"column":24}},"208":{"start":{"line":683,"column":4},"end":{"line":683,"column":25}},"209":{"start":{"line":684,"column":4},"end":{"line":684,"column":53}},"210":{"start":{"line":685,"column":4},"end":{"line":685,"column":17}},"211":{"start":{"line":688,"column":2},"end":{"line":695,"column":3}},"212":{"start":{"line":689,"column":4},"end":{"line":691,"column":5}},"213":{"start":{"line":690,"column":6},"end":{"line":690,"column":47}},"214":{"start":{"line":692,"column":4},"end":{"line":694,"column":5}},"215":{"start":{"line":693,"column":6},"end":{"line":693,"column":28}},"216":{"start":{"line":697,"column":2},"end":{"line":708,"column":3}},"217":{"start":{"line":698,"column":4},"end":{"line":698,"column":75}},"218":{"start":{"line":698,"column":24},"end":{"line":698,"column":75}},"219":{"start":{"line":699,"column":4},"end":{"line":699,"column":62}},"220":{"start":{"line":700,"column":4},"end":{"line":700,"column":67}},"221":{"start":{"line":703,"column":4},"end":{"line":705,"column":5}},"222":{"start":{"line":704,"column":6},"end":{"line":704,"column":24}},"223":{"start":{"line":706,"column":4},"end":{"line":706,"column":32}},"224":{"start":{"line":707,"column":4},"end":{"line":707,"column":43}},"225":{"start":{"line":710,"column":2},"end":{"line":723,"column":3}},"226":{"start":{"line":711,"column":4},"end":{"line":711,"column":29}},"227":{"start":{"line":712,"column":4},"end":{"line":712,"column":57}},"228":{"start":{"line":713,"column":4},"end":{"line":713,"column":28}},"229":{"start":{"line":714,"column":4},"end":{"line":714,"column":27}},"230":{"start":{"line":717,"column":4},"end":{"line":720,"column":5}},"231":{"start":{"line":718,"column":6},"end":{"line":718,"column":22}},"232":{"start":{"line":719,"c
[...]
","            } else if (is(quote, c)) {","              parser.state = S.DOCTYPE_QUOTED","              parser.q = c","            }","          }","          continue","","        case S.DOCTYPE_QUOTED:","          parser.doctype += c","          if (c === parser.q) {","            parser.q = ''","            parser.state = S.DOCTYPE","          }","          continue","","        case S.DOCTYPE_DTD:","          parser.doctype += c","          if (c === ']') {","            parser.state = S.DOCTYPE","          } else if (is(quote, c)) {","            parser.state = S.DOCTYPE_DTD_QUOTED","            parser.q = c","          }","          continue","","        case S.DOCTYPE_DTD_QUOTED:","          parser.doctype += c","          if (c === parser.q) {","            parser.state = S.DOCTYPE_DTD","            parser.q = ''","          }","          continue","","        case S.COMMENT:","          if (c === '-') {","            parser.state = S.COMMENT_ENDING","          } else {","            parser.comment += c","          }","          continue","","        case S.COMMENT_ENDING:","          if (c === '-') {","            parser.state = S.COMMENT_ENDED","            parser.comment = textopts(parser.opt, parser.comment)","            if (parser.comment) {","              emitNode(parser, 'oncomment', parser.comment)","            }","            parser.comment = ''","          } else {","            parser.comment += '-' + c","            parser.state = S.COMMENT","          }","          continue","","        case S.COMMENT_ENDED:","          if (c !== '>') {","            strictFail(parser, 'Malformed comment')","            // allow <!-- blah -- bloo --> in non-strict mode,","            // which is a comment of \" blah -- bloo \"","            parser.comment += '--' + c","            parser.state = S.COMMENT","          } else {","            parser.state = S.TEXT","          }","          continue","","        case S.CDATA:","          if (c === ']') {","            parser.state = S.CDATA_ENDING","          } else {","            parser.cdata += c","          }","          continue","","        case S.CDATA_ENDING:","          if (c === ']') {","            parser.state = S.CDATA_ENDING_2","          } else {","            parser.cdata += ']' + c","            parser.state = S.CDATA","          }","          continue","","        case S.CDATA_ENDING_2:","          if (c === '>') {","            if (parser.cdata) {","              emitNode(parser, 'oncdata', parser.cdata)","            }","            emitNode(parser, 'onclosecdata')","            parser.cdata = ''","            parser.state = S.TEXT","          } else if (c === ']') {","            parser.cdata += ']'","          } else {","            parser.cdata += ']]' + c","            parser.state = S.CDATA","          }","          continue","","        case S.PROC_INST:","          if (c === '?') {","            parser.state = S.PROC_INST_ENDING","          } else if (is(whitespace, c)) {","            parser.state = S.PROC_INST_BODY","          } else {","            parser.procInstName += c","          }","          continue","","        case S.PROC_INST_BODY:","          if (!parser.procInstBody && is(whitespace, c)) {","            continue","          } else if (c === '?') {","            parser.state = S.PROC_INST_ENDING","          } else {","            parser.procInstBody += c","          }","          continue","","        case S.PROC_INST_ENDING:","          if (c === '>') {","            emitNode(parser, 'onprocessinginstruction', {","              name: parser.procInstName,","              body: parser.procInstBody","            })","            parser.procInstName = parser.procInstBody = ''","            parser.state = S.TEXT","          } else {","            parser.procInstBody += '?' + c","            parser.state = S.PROC_INST_BODY","          }","          continue","","        case S.OPEN_TAG:","          if (isMatch(nameBody, c)) {","            parser.tagName += c","          } else {","            newTag(parser)","            if (c === '>') {","              openTag(parser)","            } else if (c === '/') {","              parser.state = S.OPEN_TAG_SLASH","            } else {","              if (not(whitespace, c)) {","                strictFail(parser, 'Invalid character in tag name')","              }","              parser.state = S.ATTRIB","            }","          }","          continue","","        case S.OPEN_TAG_SLASH:","          if (c === '>') {","            openTag(parser, true)","            closeTag(parser)","          } else {","            strictFail(parser, 'Forward-slash in opening tag not followed by >')","            parser.state = S.ATTRIB","          }","          continue","","        case S.ATTRIB:","          // haven't read the attribute name yet.","          if (is(whitespace, c)) {","            continue","          } else if (c === '>') {","            openTag(parser)","          } else if (c === '/') {","            parser.state = S.OPEN_TAG_SLASH","          } else if (isMatch(nameStart, c)) {","            parser.attribName = c","            parser.attribValue = ''","            parser.state = S.ATTRIB_NAME","          } else {","            strictFail(parser, 'Invalid attribute name')","          }","          continue","","        case S.ATTRIB_NAME:","          if (c === '=') {","            parser.state = S.ATTRIB_VALUE","          } else if (c === '>') {","            strictFail(parser, 'Attribute without value')","            parser.attribValue = parser.attribName","            attrib(parser)","            openTag(parser)","          } else if (is(whitespace, c)) {","            parser.state = S.ATTRIB_NAME_SAW_WHITE","          } else if (isMatch(nameBody, c)) {","            parser.attribName += c","          } else {","            strictFail(parser, 'Invalid attribute name')","          }","          continue","","        case S.ATTRIB_NAME_SAW_WHITE:","          if (c === '=') {","            parser.state = S.ATTRIB_VALUE","          } else if (is(whitespace, c)) {","            continue","          } else {","            strictFail(parser, 'Attribute without value')","            parser.tag.attributes[parser.attribName] = ''","            parser.attribValue = ''","            emitNode(parser, 'onattribute', {","              name: parser.attribName,","              value: ''","            })","            parser.attribName = ''","            if (c === '>') {","              openTag(parser)","            } else if (isMatch(nameStart, c)) {","              parser.attribName = c","              parser.state = S.ATTRIB_NAME","            } else {","              strictFail(parser, 'Invalid attribute name')","              parser.state = S.ATTRIB","            }","          }","          continue","","        case S.ATTRIB_VALUE:","          if (is(whitespace, c)) {","            continue","          } else if (is(quote, c)) {","            parser.q = c","            parser.state = S.ATTRIB_VALUE_QUOTED","          } else {","            strictFail(parser, 'Unquoted attribute value')","            parser.state = S.ATTRIB_VALUE_UNQUOTED","            parser.attribValue = c","          }","          continue","","        case S.ATTRIB_VALUE_QUOTED:","          if (c !== parser.q) {","            if (c === '&') {","              parser.state = S.ATTRIB_VALUE_ENTITY_Q","            } else {","              parser.attribValue += c","            }","            continue","          }","          attrib(parser)","          parser.q = ''","          parser.state = S.ATTRIB_VALUE_CLOSED","          continue","","        case S.ATTRIB_VALUE_CLOSED:","          if (is(whitespace, c)) {","            parser.state = S.ATTRIB","          } else if (c === '>') {","            openTag(parser)","          } else if (c === '/') {","            parser.state = S.OPEN_TAG_SLASH","          } else if (isMatch(nameStart, c)) {","            strictFail(parser, 'No whitespace between attributes')","            parser.attribName = c","            parser.attribValue = ''","            parser.state = S.ATTRIB_NAME","          } else {","            strictFail(parser, 'Invalid attribute name')","          }","          continue","","        case S.ATTRIB_VALUE_UNQUOTED:","          if (not(attribEnd, c)) {","            if (c === '&') {","              parser.state = S.ATTRIB_VALUE_ENTITY_U","            } else {","              parser.attribValue += c","            }","            continue","          }","          attrib(parser)","          if (c === '>') {","            openTag(parser)","          } else {","            parser.state = S.ATTRIB","          }","          continue","","        case S.CLOSE_TAG:","          if (!parser.tagName) {","            if (is(whitespace, c)) {","              continue","            } else if (notMatch(nameStart, c)) {","              if (parser.script) {","                parser.script += '</' + c","                parser.state = S.SCRIPT","              } else {","                strictFail(parser, 'Invalid tagname in closing tag.')","              }","            } else {","              parser.tagName = c","            }","          } else if (c === '>') {","            closeTag(parser)","          } else if (isMatch(nameBody, c)) {","            parser.tagName += c","          } else if (parser.script) {","            parser.script += '</' + parser.tagName","            parser.tagName = ''","            parser.state = S.SCRIPT","          } else {","            if (not(whitespace, c)) {","              strictFail(parser, 'Invalid tagname in closing tag')","            }","            parser.state = S.CLOSE_TAG_SAW_WHITE","          }","          continue","","        case S.CLOSE_TAG_SAW_WHITE:","          if (is(whitespace, c)) {","            continue","          }","          if (c === '>') {","            closeTag(parser)","          } else {","            strictFail(parser, 'Invalid characters in closing tag')","          }","          continue","","        case S.TEXT_ENTITY:","        case S.ATTRIB_VALUE_ENTITY_Q:","        case S.ATTRIB_VALUE_ENTITY_U:","          var returnState","          var buffer","          switch (parser.state) {","            case S.TEXT_ENTITY:","              returnState = S.TEXT","              buffer = 'textNode'","              break","","            case S.ATTRIB_VALUE_ENTITY_Q:","              returnState = S.ATTRIB_VALUE_QUOTED","              buffer = 'attribValue'","              break","","            case S.ATTRIB_VALUE_ENTITY_U:","              returnState = S.ATTRIB_VALUE_UNQUOTED","              buffer = 'attribValue'","              break","          }","","          if (c === ';') {","            parser[buffer] += parseEntity(parser)","            parser.entity = ''","            parser.state = returnState","          } else if (isMatch(parser.entity.length ? entityBody : entityStart, c)) {","            parser.entity += c","          } else {","            strictFail(parser, 'Invalid character in entity name')","            parser[buffer] += '&' + parser.entity + c","            parser.entity = ''","            parser.state = returnState","          }","","          continue","","        default:","          throw new Error(parser, 'Unknown state: ' + parser.state)","      }","    } // while","","    if (parser.position >= parser.bufferCheckPosition) {","      checkBufferLength(parser)","    }","    return parser","  }","","  /*! http://mths.be/fromcodepoint v0.1.0 by @mathias */","  /* istanbul ignore next */","  if (!String.fromCodePoint) {","    (function () {","      var stringFromCharCode = String.fromCharCode","      var floor = Math.floor","      var fromCodePoint = function () {","        var MAX_SIZE = 0x4000","        var codeUnits = []","        var highSurrogate","        var lowSurrogate","        var index = -1","        var length = arguments.length","        if (!length) {","          return ''","        }","        var result = ''","        while (++index < length) {","          var codePoint = Number(arguments[index])","          if (","            !isFinite(codePoint) || // `NaN`, `+Infinity`, or `-Infinity`","            codePoint < 0 || // not a valid Unicode code point","            codePoint > 0x10FFFF || // not a valid Unicode code point","            floor(codePoint) !== codePoint // not an integer","          ) {","            throw RangeError('Invalid code point: ' + codePoint)","          }","          if (codePoint <= 0xFFFF) { // BMP code point","            codeUnits.push(codePoint)","          } else { // Astral code point; split in surrogate halves","            // http://mathiasbynens.be/notes/javascript-encoding#surrogate-formulae","            codePoint -= 0x10000","            highSurrogate = (codePoint >> 10) + 0xD800","            lowSurrogate = (codePoint % 0x400) + 0xDC00","            codeUnits.push(highSurrogate, lowSurrogate)","          }","          if (index + 1 === length || codeUnits.length > MAX_SIZE) {","            result += stringFromCharCode.apply(null, codeUnits)","            codeUnits.length = 0","          }","        }","        return result","      }","      /* istanbul ignore next */","      if (Object.defineProperty) {","        Object.defineProperty(String, 'fromCodePoint', {","          value: fromCodePoint,","          configurable: true,","          writable: true","        })","      } else {","        String.fromCodePoint = fromCodePoint","      }","    }())","  }","})(typeof exports === 'undefined' ? this.sax = {} : exports)",""],"l":{"1":1,"2":1,"3":1,"4":1,"5":1,"16":1,"18":1,"24":1,"45":1,"46":0,"47":0,"50":0,"51":0,"52":0,"53":0,"54":0,"55":0,"56":0,"57":0,"58":0,"59":0,"60":0,"61":0,"62":0,"63":0,"64":0,"65":0,"70":0,"71":0,"75":0,"76":0,"77":0,"79":0,"82":1,"83":0,"84":1,"85":0,"86":0,"87":0,"91":1,"92":0,"93":0,"94":0,"95":0,"99":1,"100":0,"101":0,"102":0,"103":0,"104":0,"109":0,"111":0,"112":0,"115":0,"116":0,"117":0,"120":0,"121":0,"122":0,"125":0,"128":0,"131":0,"132":0,"135":1,"136":0,"137":0,"141":1,"142":0,"143":0,"144":0,"145":0,"147":0,"148":0,"149":0,"153":1,"154":0,"156":0,"157":0,"158":0,"161":1,"162":1,"163":1,"165":0,"168":1,"169":18,"172":1,"173":0,"176":1,"177":0,"178":0,"181":0,"183":0,"184":0,"185":0,"187":0,"189":0,"190":0,"193":0,"194":0,"198":0,"201":0,"203":0,"204":0,"206":0,"209":0,"210":0,"211":0,"212":0,"214":0,"222":1,"228":1,"229":0,"232":0,"233":0,"234":0,"236":0,"239":0,"240":0,"241":0,"244":1,"245":0,"246":0,"248":0,"249":0,"252":1,"253":0,"254":0,"255":0,"256":0,"257":0,"258":0,"262":0,"266":1,"272":1,"273":1,"274":1,"275":1,"276":1,"277":1,"278":1,"281":1,"289":1,"291":1,"293":1,"294":1,"296":1,"297":1,"299":1,"300":3,"301":11,"302":11,"306":1,"307":0,"310":1,"311":0,"314":1,"315":0,"318":1,"319":0,"322":1,"323":1,"362":1,"370":1,"626":1,"627":253,"628":253,"629":253,"632":1,"633":36,"637":1,"639":1,"640":0,"643":1,"644":0,"645":0,"648":1,"649":0,"650":0,"651":0,"654":1,"655":0,"656":0,"657":0,"660":1,"661":0,"662":0,"663":0,"667":0,"668":0,"669":0,"670":0,"673":1,"674":0,"675":0,"678":0,"680":0,"681":0,"682":0,"683":0,"684":0,"685":0,"688":1,"689":0,"690":0,"692":0,"693":0,"697":1,"698":0,"699":0,"700":0,"703":0,"704":0,"706":0,"707":0,"710":1,"711":0,"712":0,"713":0,"714":0,"717":0,"718":0,"719":0,"722":0,"725":1,"726":0,"727":0,"730":0,"732":0,"733":0,"736":0,"737":0,"738":0,"739":0,"741":0,"743":0,"744":0,"747":0,"748":0,"752":0,"753":0,"754":0,"755":0,"757":0,"764":0,"767":0,"768":0,"774":0,"777":1,"778":0,"780":0,"783":0,"784":0,"785":0,"786":0,"788":0,"789":0,"791":0,"794":0,"795":0,"796":0,"797":0,"807":0,"808":0,"809":0,"810":0,"811":0,"812":0,"813":0,"814":0,"815":0,"825":0,"826":0,"828":0,"830":0,"831":0,"833":0,"836":0,"839":0,"840":0,"841":0,"842":0,"844":0,"845":0,"847":0,"849":0,"850":0,"852":0,"853":0,"856":1,"857":0,"858":0,"859":0,"860":0,"861":0,"864":0,"865":0,"866":0,"867":0,"868":0,"869":0,"871":0,"872":0,"877":0,"878":0,"879":0,"880":0,"882":0,"883":0,"884":0,"885":0,"887":0,"889":0,"894":0,"895":0,"896":0,"897":0,"898":0,"900":0,"901":0,"902":0,"903":0,"904":0,"905":0,"907":0,"908":0,"909":0,"912":0,"913":0,"915":0,"916":0,"917":0,"921":0,"922":0,"923":0,"924":0,"927":1,"928":0,"929":0,"930":0,"931":0,"933":0,"934":0,"936":0,"937":0,"939":0,"940":0,"941":0,"942":0,"943":0,"944":0,"946":0,"947":0,"948":0,"951":0,"952":0,"953":0,"954":0,"957":0,"960":1,"961":0,"962":0,"963":0,"964":0,"967":0,"968":0,"969":0,"973":1,"974":0,"975":0,"976":0,"978":0,"981":1,"982":0,"983":0,"984":0,"986":0,"987":0,"990":0,"991":0,"993":0,"994":0,"996":0,"997":0,"998":0,"999":0,"1000":0,"1002":0,"1003":0,"1006":0,"1007":0,"1008":0,"1009":0,"1010":0,"1012":0,"1016":0,"1018":0,"1019":0,"1020":0,"1022":0,"1023":0,"1026":0,"1027":0,"1030":0,"1031":0,"1032":0,"1033":0,"1034":0,"1035":0,"1036":0,"1037":0,"1038":0,"1040":0,"1044":0,"1046":0,"1047":0,"1048":0,"1050":0,"1051":0,"1053":0,"1054":0,"1056":0,"1059":0,"1063":0,"1064":0,"1066":0,"1068":0,"1071":0,"1072":0,"1074":0,"1075":0,"1077":0,"1081":0,"1082":0,"1083":0,"1084":0,"1086":0,"1087":0,"1088":0,"1089":0,"1090":0,"1091":0,"1092":0,"1093":0,"1094":0,"1096":0,"1098":0,"1099":0,"1100":0,"1102":0,"1103":0,"1105":0,"1108":0,"1109":0,"1110":0,"1111":0,"1112":0,"1113":0,"1114":0,"1115":0,"1116":0,"1117":0,"1118":0,"1119":0,"1120":0,"1123":0,"1124":0,"1125":0,"1126":0,"1127":0,"1128":0,"1129":0,"1130":0,"1131":0,"1133":0,"1135":0,"1138":0,"1139":0,"1140":0,"1142":0,"1143":0,"1146":0,"1147":0,"1148":0,"1149":0,"1151":0,"1152":0,"1153":0,"1154":0,"1155":0,"1156":0,"1159":0,"1162":0,"1163":0,"1164":0,"1165":0,"1167":0,"1170":0,"1171":0,"1172":0,"1173":0,"1174":0,"1175":0,"1177":0,"1180":0,"1181":0,"1182":0,"1183":0,"1185":0,"1188":0,"1189":0,"1191":0,"1193":0,"1196":0,"1197":0,"1198":0,"1199":0,"1200":0,"1202":0,"1204":0,"1205":0,"1207":0,"1210":0,"1211":0,"1214":0,"1215":0,"1217":0,"1219":0,"1222":0,"1223":0,"1225":0,"1227":0,"1230":0,"1231":0,"1233":0,"1234":0,"1236":0,"1239":0,"1240":0,"1241":0,"1243":0,"1244":0,"1245":0,"1246":0,"1247":0,"1249":0,"1250":0,"1252":0,"1255":0,"1256":0,"1257":0,"1258":0,"1260":0,"1262":0,"1265":0,"1266":0,"1267":0,"1268":0,"1270":0,"1272":0,"1275":0,"1276":0,"1280":0,"1281":0,"1283":0,"1284":0,"1286":0,"1289":0,"1290":0,"1292":0,"1293":0,"1294":0,"1295":0,"1296":0,"1298":0,"1299":0,"1301":0,"1304":0,"1307":0,"1308":0,"1309":0,"1311":0,"1312":0,"1314":0,"1318":0,"1319":0,"1320":0,"1321":0,"1322":0,"1323":0,"1324":0,"1325":0,"1326":0,"1327":0,"1329":0,"1331":0,"1334":0,"1335":0,"1336":0,"1337":0,"1338":0,"1339":0,"1340":0,"1341":0,"1342":0,"1343":0,"1344":0,"1346":0,"1348":0,"1351":0,"1352":0,"1353":0,"1354":0,"1356":0,"1357":0,"1358":0,"1359":0,"1363":0,"1364":0,"1365":0,"1366":0,"1367":0,"1368":0,"1370":0,"1371":0,"1374":0,"1377":0,"1378":0,"1379":0,"1380":0,"1381":0,"1383":0,"1384":0,"1385":0,"1387":0,"1390":0,"1391":0,"1392":0,"1394":0,"1396":0,"1398":0,"1399":0,"1400":0,"1401":0,"1404":0,"1405":0,"1406":0,"1407":0,"1408":0,"1409":0,"1410":0,"1411":0,"1412":0,"1413":0,"1414":0,"1416":0,"1418":0,"1421":0,"1422":0,"1423":0,"1425":0,"1427":0,"1429":0,"1430":0,"1431":0,"1433":0,"1435":0,"1438":0,"1439":0,"1440":0,"1441":0,"1442":0,"1443":0,"1444":0,"1446":0,"1449":0,"1451":0,"1452":0,"1453":0,"1454":0,"1455":0,"1456":0,"1457":0,"1458":0,"1460":0,"1461":0,"1463":0,"1465":0,"1468":0,"1469":0,"1471":0,"1472":0,"1474":0,"1476":0,"1481":0,"1482":0,"1483":0,"1485":0,"1486":0,"1487":0,"1490":0,"1491":0,"1492":0,"1495":0,"1496":0,"1497":0,"1500":0,"1501":0,"1502":0,"1503":0,"1504":0,"1505":0,"1507":0,"1508":0,"1509":0,"1510":0,"1513":0,"1516":0,"1520":0,"1521":0,"1523":0,"1528":1,"1529":1,"1530":1,"1531":1,"1532":1,"1533":1,"1534":1,"1535":1,"1536":1,"1537":1,"1538":1,"1539":1,"1540":1,"1542":1,"1543":1,"1544":1,"1545":1,"1551":1,"1553":1,"1554":1,"1557":1,"1558":1,"1559":1,"1560":1,"1562":1,"1563":1,"1564":1,"1567":1,"1570":1,"1571":1,"1577":1}}}